[2.443s] Invoking command in '/home/quauv/auv/src/main': PYTHONPATH=/home/quauv/auv/build/main/prefix_override:/usr/lib/python3/dist-packages/colcon_core/task/python/colcon_distutils_commands:/home/quauv/auv/install/main/lib/python3.10/site-packages:${PYTHONPATH} /usr/bin/python3 -W ignore:setup.py install is deprecated -W ignore:easy_install command is deprecated setup.py egg_info --egg-base ../../build/main build --build-base /home/quauv/auv/build/main/build install --record /home/quauv/auv/build/main/install.log --single-version-externally-managed install_data
[2.839s] running egg_info
[2.840s] writing ../../build/main/main.egg-info/PKG-INFO
[2.840s] writing dependency_links to ../../build/main/main.egg-info/dependency_links.txt
[2.841s] writing entry points to ../../build/main/main.egg-info/entry_points.txt
[2.841s] writing requirements to ../../build/main/main.egg-info/requires.txt
[2.841s] writing top-level names to ../../build/main/main.egg-info/top_level.txt
[2.844s] reading manifest file '../../build/main/main.egg-info/SOURCES.txt'
[2.845s] writing manifest file '../../build/main/main.egg-info/SOURCES.txt'
[2.845s] running build
[2.845s] running build_py
[2.845s] running install
[2.846s] running install_lib
[2.847s] running install_data
[2.848s] running install_egg_info
[2.850s] removing '/home/quauv/auv/install/main/lib/python3.10/site-packages/main-0.0.0-py3.10.egg-info' (and everything under it)
[2.851s] Copying ../../build/main/main.egg-info to /home/quauv/auv/install/main/lib/python3.10/site-packages/main-0.0.0-py3.10.egg-info
[2.852s] running install_scripts
[2.882s] Installing missionControl script to /home/quauv/auv/install/main/lib/main
[2.882s] Installing navigation script to /home/quauv/auv/install/main/lib/main
[2.883s] writing list of installed files to '/home/quauv/auv/build/main/install.log'
[2.952s] Invoked command in '/home/quauv/auv/src/main' returned '0': PYTHONPATH=/home/quauv/auv/build/main/prefix_override:/usr/lib/python3/dist-packages/colcon_core/task/python/colcon_distutils_commands:/home/quauv/auv/install/main/lib/python3.10/site-packages:${PYTHONPATH} /usr/bin/python3 -W ignore:setup.py install is deprecated -W ignore:easy_install command is deprecated setup.py egg_info --egg-base ../../build/main build --build-base /home/quauv/auv/build/main/build install --record /home/quauv/auv/build/main/install.log --single-version-externally-managed install_data
