[2.457s] Invoking command in '/home/quauv/auv/src/sensors': PYTHONPATH=/home/quauv/auv/build/sensors/prefix_override:/usr/lib/python3/dist-packages/colcon_core/task/python/colcon_distutils_commands:/home/quauv/auv/install/sensors/lib/python3.10/site-packages:${PYTHONPATH} /usr/bin/python3 -W ignore:setup.py install is deprecated -W ignore:easy_install command is deprecated setup.py egg_info --egg-base ../../build/sensors build --build-base /home/quauv/auv/build/sensors/build install --record /home/quauv/auv/build/sensors/install.log --single-version-externally-managed install_data
[2.868s] running egg_info
[2.869s] writing ../../build/sensors/sensors.egg-info/PKG-INFO
[2.869s] writing dependency_links to ../../build/sensors/sensors.egg-info/dependency_links.txt
[2.870s] writing entry points to ../../build/sensors/sensors.egg-info/entry_points.txt
[2.870s] writing requirements to ../../build/sensors/sensors.egg-info/requires.txt
[2.870s] writing top-level names to ../../build/sensors/sensors.egg-info/top_level.txt
[2.873s] reading manifest file '../../build/sensors/sensors.egg-info/SOURCES.txt'
[2.874s] writing manifest file '../../build/sensors/sensors.egg-info/SOURCES.txt'
[2.874s] running build
[2.874s] running build_py
[2.874s] copying sensors/frontCam.py -> /home/quauv/auv/build/sensors/build/lib/sensors
[2.875s] running install
[2.875s] running install_lib
[2.877s] copying /home/quauv/auv/build/sensors/build/lib/sensors/frontCam.py -> /home/quauv/auv/install/sensors/lib/python3.10/site-packages/sensors
[2.878s] byte-compiling /home/quauv/auv/install/sensors/lib/python3.10/site-packages/sensors/frontCam.py to frontCam.cpython-310.pyc
[2.881s] running install_data
[2.881s] running install_egg_info
[2.884s] removing '/home/quauv/auv/install/sensors/lib/python3.10/site-packages/sensors-0.0.0-py3.10.egg-info' (and everything under it)
[2.884s] Copying ../../build/sensors/sensors.egg-info to /home/quauv/auv/install/sensors/lib/python3.10/site-packages/sensors-0.0.0-py3.10.egg-info
[2.886s] running install_scripts
[2.916s] Installing bottomCam script to /home/quauv/auv/install/sensors/lib/sensors
[2.917s] Installing frontCam script to /home/quauv/auv/install/sensors/lib/sensors
[2.917s] writing list of installed files to '/home/quauv/auv/build/sensors/install.log'
[2.982s] Invoked command in '/home/quauv/auv/src/sensors' returned '0': PYTHONPATH=/home/quauv/auv/build/sensors/prefix_override:/usr/lib/python3/dist-packages/colcon_core/task/python/colcon_distutils_commands:/home/quauv/auv/install/sensors/lib/python3.10/site-packages:${PYTHONPATH} /usr/bin/python3 -W ignore:setup.py install is deprecated -W ignore:easy_install command is deprecated setup.py egg_info --egg-base ../../build/sensors build --build-base /home/quauv/auv/build/sensors/build install --record /home/quauv/auv/build/sensors/install.log --single-version-externally-managed install_data
