running egg_info
writing ../../build/user/user.egg-info/PKG-INFO
writing dependency_links to ../../build/user/user.egg-info/dependency_links.txt
writing entry points to ../../build/user/user.egg-info/entry_points.txt
writing requirements to ../../build/user/user.egg-info/requires.txt
writing top-level names to ../../build/user/user.egg-info/top_level.txt
reading manifest file '../../build/user/user.egg-info/SOURCES.txt'
writing manifest file '../../build/user/user.egg-info/SOURCES.txt'
running build
running build_py
running install
running install_lib
running install_data
running install_egg_info
removing '/home/quauv/auv/install/user/lib/python3.10/site-packages/user-0.0.0-py3.10.egg-info' (and everything under it)
Copying ../../build/user/user.egg-info to /home/quauv/auv/install/user/lib/python3.10/site-packages/user-0.0.0-py3.10.egg-info
running install_scripts
Installing input script to /home/quauv/auv/install/user/lib/user
Installing interface script to /home/quauv/auv/install/user/lib/user
writing list of installed files to '/home/quauv/auv/build/user/install.log'
