[2.606s] Invoking command in '/home/quauv/auv/src/user': PYTHONPATH=/home/quauv/auv/build/user/prefix_override:/usr/lib/python3/dist-packages/colcon_core/task/python/colcon_distutils_commands:/home/quauv/auv/install/user/lib/python3.10/site-packages:${PYTHONPATH} /usr/bin/python3 -W ignore:setup.py install is deprecated -W ignore:easy_install command is deprecated setup.py egg_info --egg-base ../../build/user build --build-base /home/quauv/auv/build/user/build install --record /home/quauv/auv/build/user/install.log --single-version-externally-managed install_data
[3.022s] running egg_info
[3.023s] writing ../../build/user/user.egg-info/PKG-INFO
[3.024s] writing dependency_links to ../../build/user/user.egg-info/dependency_links.txt
[3.024s] writing entry points to ../../build/user/user.egg-info/entry_points.txt
[3.024s] writing requirements to ../../build/user/user.egg-info/requires.txt
[3.024s] writing top-level names to ../../build/user/user.egg-info/top_level.txt
[3.027s] reading manifest file '../../build/user/user.egg-info/SOURCES.txt'
[3.028s] writing manifest file '../../build/user/user.egg-info/SOURCES.txt'
[3.029s] running build
[3.029s] running build_py
[3.029s] copying user/interface.py -> /home/quauv/auv/build/user/build/lib/user
[3.029s] running install
[3.030s] running install_lib
[3.031s] copying /home/quauv/auv/build/user/build/lib/user/interface.py -> /home/quauv/auv/install/user/lib/python3.10/site-packages/user
[3.032s] byte-compiling /home/quauv/auv/install/user/lib/python3.10/site-packages/user/interface.py to interface.cpython-310.pyc
[3.035s] running install_data
[3.035s] running install_egg_info
[3.038s] removing '/home/quauv/auv/install/user/lib/python3.10/site-packages/user-0.0.0-py3.10.egg-info' (and everything under it)
[3.039s] Copying ../../build/user/user.egg-info to /home/quauv/auv/install/user/lib/python3.10/site-packages/user-0.0.0-py3.10.egg-info
[3.040s] running install_scripts
[3.072s] Installing input script to /home/quauv/auv/install/user/lib/user
[3.072s] Installing interface script to /home/quauv/auv/install/user/lib/user
[3.072s] writing list of installed files to '/home/quauv/auv/build/user/install.log'
[3.175s] Invoked command in '/home/quauv/auv/src/user' returned '0': PYTHONPATH=/home/quauv/auv/build/user/prefix_override:/usr/lib/python3/dist-packages/colcon_core/task/python/colcon_distutils_commands:/home/quauv/auv/install/user/lib/python3.10/site-packages:${PYTHONPATH} /usr/bin/python3 -W ignore:setup.py install is deprecated -W ignore:easy_install command is deprecated setup.py egg_info --egg-base ../../build/user build --build-base /home/quauv/auv/build/user/build install --record /home/quauv/auv/build/user/install.log --single-version-externally-managed install_data
