[2.567s] Invoking command in '/home/quauv/auv/src/control': PYTHONPATH=/home/quauv/auv/build/control/prefix_override:/usr/lib/python3/dist-packages/colcon_core/task/python/colcon_distutils_commands:/home/quauv/auv/install/control/lib/python3.10/site-packages:${PYTHONPATH} /usr/bin/python3 -W ignore:setup.py install is deprecated -W ignore:easy_install command is deprecated setup.py egg_info --egg-base ../../build/control build --build-base /home/quauv/auv/build/control/build install --record /home/quauv/auv/build/control/install.log --single-version-externally-managed install_data
[2.972s] running egg_info
[2.973s] writing ../../build/control/control.egg-info/PKG-INFO
[2.973s] writing dependency_links to ../../build/control/control.egg-info/dependency_links.txt
[2.974s] writing entry points to ../../build/control/control.egg-info/entry_points.txt
[2.974s] writing requirements to ../../build/control/control.egg-info/requires.txt
[2.974s] writing top-level names to ../../build/control/control.egg-info/top_level.txt
[2.977s] reading manifest file '../../build/control/control.egg-info/SOURCES.txt'
[2.978s] writing manifest file '../../build/control/control.egg-info/SOURCES.txt'
[2.978s] running build
[2.978s] running build_py
[2.978s] running install
[2.979s] running install_lib
[2.981s] running install_data
[2.981s] running install_egg_info
[2.983s] removing '/home/quauv/auv/install/control/lib/python3.10/site-packages/control-0.0.0-py3.10.egg-info' (and everything under it)
[2.984s] Copying ../../build/control/control.egg-info to /home/quauv/auv/install/control/lib/python3.10/site-packages/control-0.0.0-py3.10.egg-info
[2.985s] running install_scripts
[3.015s] Installing thrusters script to /home/quauv/auv/install/control/lib/control
[3.016s] writing list of installed files to '/home/quauv/auv/build/control/install.log'
[3.077s] Invoked command in '/home/quauv/auv/src/control' returned '0': PYTHONPATH=/home/quauv/auv/build/control/prefix_override:/usr/lib/python3/dist-packages/colcon_core/task/python/colcon_distutils_commands:/home/quauv/auv/install/control/lib/python3.10/site-packages:${PYTHONPATH} /usr/bin/python3 -W ignore:setup.py install is deprecated -W ignore:easy_install command is deprecated setup.py egg_info --egg-base ../../build/control build --build-base /home/quauv/auv/build/control/build install --record /home/quauv/auv/build/control/install.log --single-version-externally-managed install_data
