[2.583s] Invoking command in '/home/quauv/auv/src/sensors': PYTHONPATH=/home/quauv/auv/build/sensors/prefix_override:/usr/lib/python3/dist-packages/colcon_core/task/python/colcon_distutils_commands:/home/quauv/auv/install/sensors/lib/python3.10/site-packages:${PYTHONPATH} /usr/bin/python3 -W ignore:setup.py install is deprecated -W ignore:easy_install command is deprecated setup.py egg_info --egg-base ../../build/sensors build --build-base /home/quauv/auv/build/sensors/build install --record /home/quauv/auv/build/sensors/install.log --single-version-externally-managed install_data
[2.996s] running egg_info
[2.997s] writing ../../build/sensors/sensors.egg-info/PKG-INFO
[2.997s] writing dependency_links to ../../build/sensors/sensors.egg-info/dependency_links.txt
[2.997s] writing entry points to ../../build/sensors/sensors.egg-info/entry_points.txt
[2.998s] writing requirements to ../../build/sensors/sensors.egg-info/requires.txt
[2.998s] writing top-level names to ../../build/sensors/sensors.egg-info/top_level.txt
[3.001s] reading manifest file '../../build/sensors/sensors.egg-info/SOURCES.txt'
[3.003s] writing manifest file '../../build/sensors/sensors.egg-info/SOURCES.txt'
[3.003s] running build
[3.003s] running build_py
[3.004s] running install
[3.004s] running install_lib
[3.006s] running install_data
[3.007s] running install_egg_info
[3.010s] removing '/home/quauv/auv/install/sensors/lib/python3.10/site-packages/sensors-0.0.0-py3.10.egg-info' (and everything under it)
[3.010s] Copying ../../build/sensors/sensors.egg-info to /home/quauv/auv/install/sensors/lib/python3.10/site-packages/sensors-0.0.0-py3.10.egg-info
[3.012s] running install_scripts
[3.051s] Installing bottomCam script to /home/quauv/auv/install/sensors/lib/sensors
[3.076s] Installing frontCam script to /home/quauv/auv/install/sensors/lib/sensors
[3.077s] writing list of installed files to '/home/quauv/auv/build/sensors/install.log'
[3.127s] Invoked command in '/home/quauv/auv/src/sensors' returned '0': PYTHONPATH=/home/quauv/auv/build/sensors/prefix_override:/usr/lib/python3/dist-packages/colcon_core/task/python/colcon_distutils_commands:/home/quauv/auv/install/sensors/lib/python3.10/site-packages:${PYTHONPATH} /usr/bin/python3 -W ignore:setup.py install is deprecated -W ignore:easy_install command is deprecated setup.py egg_info --egg-base ../../build/sensors build --build-base /home/quauv/auv/build/sensors/build install --record /home/quauv/auv/build/sensors/install.log --single-version-externally-managed install_data
