[2.569s] Invoking command in '/home/quauv/auv/src/control': PYTHONPATH=/home/quauv/auv/build/control/prefix_override:/usr/lib/python3/dist-packages/colcon_core/task/python/colcon_distutils_commands:/home/quauv/auv/install/control/lib/python3.10/site-packages:${PYTHONPATH} /usr/bin/python3 -W ignore:setup.py install is deprecated -W ignore:easy_install command is deprecated setup.py egg_info --egg-base ../../build/control build --build-base /home/quauv/auv/build/control/build install --record /home/quauv/auv/build/control/install.log --single-version-externally-managed install_data
[2.984s] running egg_info
[2.985s] writing ../../build/control/control.egg-info/PKG-INFO
[2.985s] writing dependency_links to ../../build/control/control.egg-info/dependency_links.txt
[2.985s] writing entry points to ../../build/control/control.egg-info/entry_points.txt
[2.986s] writing requirements to ../../build/control/control.egg-info/requires.txt
[2.986s] writing top-level names to ../../build/control/control.egg-info/top_level.txt
[2.989s] reading manifest file '../../build/control/control.egg-info/SOURCES.txt'
[2.990s] writing manifest file '../../build/control/control.egg-info/SOURCES.txt'
[2.990s] running build
[2.990s] running build_py
[2.990s] copying control/__init__.py -> /home/quauv/auv/build/control/build/lib/control
[2.990s] copying control/thrusters.py -> /home/quauv/auv/build/control/build/lib/control
[2.991s] running install
[2.991s] running install_lib
[2.992s] copying /home/quauv/auv/build/control/build/lib/control/__init__.py -> /home/quauv/auv/install/control/lib/python3.10/site-packages/control
[2.993s] copying /home/quauv/auv/build/control/build/lib/control/thrusters.py -> /home/quauv/auv/install/control/lib/python3.10/site-packages/control
[2.993s] byte-compiling /home/quauv/auv/install/control/lib/python3.10/site-packages/control/__init__.py to __init__.cpython-310.pyc
[2.994s] byte-compiling /home/quauv/auv/install/control/lib/python3.10/site-packages/control/thrusters.py to thrusters.cpython-310.pyc
[2.995s] running install_data
[2.995s] copying resource/control -> /home/quauv/auv/install/control/share/ament_index/resource_index/packages
[2.995s] copying package.xml -> /home/quauv/auv/install/control/share/control
[2.995s] running install_egg_info
[2.998s] removing '/home/quauv/auv/install/control/lib/python3.10/site-packages/control-0.0.0-py3.10.egg-info' (and everything under it)
[2.999s] Copying ../../build/control/control.egg-info to /home/quauv/auv/install/control/lib/python3.10/site-packages/control-0.0.0-py3.10.egg-info
[3.000s] running install_scripts
[3.030s] Installing thrusters script to /home/quauv/auv/install/control/lib/control
[3.030s] writing list of installed files to '/home/quauv/auv/build/control/install.log'
[3.094s] Invoked command in '/home/quauv/auv/src/control' returned '0': PYTHONPATH=/home/quauv/auv/build/control/prefix_override:/usr/lib/python3/dist-packages/colcon_core/task/python/colcon_distutils_commands:/home/quauv/auv/install/control/lib/python3.10/site-packages:${PYTHONPATH} /usr/bin/python3 -W ignore:setup.py install is deprecated -W ignore:easy_install command is deprecated setup.py egg_info --egg-base ../../build/control build --build-base /home/quauv/auv/build/control/build install --record /home/quauv/auv/build/control/install.log --single-version-externally-managed install_data
