[0.165s] DEBUG:colcon:Command line arguments: ['/usr/bin/colcon', 'build']
[0.165s] DEBUG:colcon:Parsed command line arguments: Namespace(log_base=None, log_level=None, verb_name='build', build_base='build', install_base='install', merge_install=False, symlink_install=False, test_result_base=None, continue_on_error=False, executor='parallel', parallel_workers=12, event_handlers=None, ignore_user_meta=False, metas=['./colcon.meta'], base_paths=['.'], packages_ignore=None, packages_ignore_regex=None, paths=None, packages_up_to=None, packages_up_to_regex=None, packages_above=None, packages_above_and_dependencies=None, packages_above_depth=None, packages_select_by_dep=None, packages_skip_by_dep=None, packages_skip_up_to=None, packages_select_build_failed=False, packages_skip_build_finished=False, packages_select_test_failures=False, packages_skip_test_passed=False, packages_select=None, packages_skip=None, packages_select_regex=None, packages_skip_regex=None, packages_start=None, packages_end=None, allow_overriding=[], cmake_args=None, cmake_target=None, cmake_target_skip_unavailable=False, cmake_clean_cache=False, cmake_clean_first=False, cmake_force_configure=False, ament_cmake_args=None, catkin_cmake_args=None, catkin_skip_building_tests=False, mixin_files=None, mixin=None, verb_parser=<colcon_mixin.mixin.mixin_argument.MixinArgumentDecorator object at 0xffff91c2b340>, verb_extension=<colcon_core.verb.build.BuildVerb object at 0xffff91c2a980>, main=<bound method BuildVerb.main of <colcon_core.verb.build.BuildVerb object at 0xffff91c2a980>>, mixin_verb=('build',))
[0.464s] Level 1:colcon.colcon_core.package_discovery:discover_packages(colcon_meta) check parameters
[0.464s] Level 1:colcon.colcon_core.package_discovery:discover_packages(recursive) check parameters
[0.464s] Level 1:colcon.colcon_core.package_discovery:discover_packages(ignore) check parameters
[0.464s] Level 1:colcon.colcon_core.package_discovery:discover_packages(path) check parameters
[0.464s] Level 1:colcon.colcon_core.package_discovery:discover_packages(colcon_meta) discover
[0.464s] Level 1:colcon.colcon_core.package_discovery:discover_packages(recursive) discover
[0.464s] INFO:colcon.colcon_core.package_discovery:Crawling recursively for packages in '/home/quauv/auv'
[0.464s] Level 1:colcon.colcon_core.package_identification:_identify(.) by extensions ['ignore', 'ignore_ament_install']
[0.465s] Level 1:colcon.colcon_core.package_identification:_identify(.) by extension 'ignore'
[0.465s] Level 1:colcon.colcon_core.package_identification:_identify(.) by extension 'ignore_ament_install'
[0.465s] Level 1:colcon.colcon_core.package_identification:_identify(.) by extensions ['colcon_pkg']
[0.465s] Level 1:colcon.colcon_core.package_identification:_identify(.) by extension 'colcon_pkg'
[0.465s] Level 1:colcon.colcon_core.package_identification:_identify(.) by extensions ['colcon_meta']
[0.465s] Level 1:colcon.colcon_core.package_identification:_identify(.) by extension 'colcon_meta'
[0.465s] Level 1:colcon.colcon_core.package_identification:_identify(.) by extensions ['ros']
[0.465s] Level 1:colcon.colcon_core.package_identification:_identify(.) by extension 'ros'
[0.500s] Level 1:colcon.colcon_core.package_identification:_identify(.) by extensions ['cmake', 'python']
[0.500s] Level 1:colcon.colcon_core.package_identification:_identify(.) by extension 'cmake'
[0.500s] Level 1:colcon.colcon_core.package_identification:_identify(.) by extension 'python'
[0.500s] Level 1:colcon.colcon_core.package_identification:_identify(.) by extensions ['python_setup_py']
[0.500s] Level 1:colcon.colcon_core.package_identification:_identify(.) by extension 'python_setup_py'
[0.500s] Level 1:colcon.colcon_core.package_identification:_identify(build) by extensions ['ignore', 'ignore_ament_install']
[0.501s] Level 1:colcon.colcon_core.package_identification:_identify(build) by extension 'ignore'
[0.501s] Level 1:colcon.colcon_core.package_identification:_identify(build) ignored
[0.501s] Level 1:colcon.colcon_core.package_identification:_identify(install) by extensions ['ignore', 'ignore_ament_install']
[0.501s] Level 1:colcon.colcon_core.package_identification:_identify(install) by extension 'ignore'
[0.501s] Level 1:colcon.colcon_core.package_identification:_identify(install) ignored
[0.501s] Level 1:colcon.colcon_core.package_identification:_identify(log) by extensions ['ignore', 'ignore_ament_install']
[0.501s] Level 1:colcon.colcon_core.package_identification:_identify(log) by extension 'ignore'
[0.501s] Level 1:colcon.colcon_core.package_identification:_identify(log) ignored
[0.502s] Level 1:colcon.colcon_core.package_identification:_identify(src) by extensions ['ignore', 'ignore_ament_install']
[0.502s] Level 1:colcon.colcon_core.package_identification:_identify(src) by extension 'ignore'
[0.502s] Level 1:colcon.colcon_core.package_identification:_identify(src) by extension 'ignore_ament_install'
[0.502s] Level 1:colcon.colcon_core.package_identification:_identify(src) by extensions ['colcon_pkg']
[0.502s] Level 1:colcon.colcon_core.package_identification:_identify(src) by extension 'colcon_pkg'
[0.502s] Level 1:colcon.colcon_core.package_identification:_identify(src) by extensions ['colcon_meta']
[0.502s] Level 1:colcon.colcon_core.package_identification:_identify(src) by extension 'colcon_meta'
[0.502s] Level 1:colcon.colcon_core.package_identification:_identify(src) by extensions ['ros']
[0.502s] Level 1:colcon.colcon_core.package_identification:_identify(src) by extension 'ros'
[0.502s] Level 1:colcon.colcon_core.package_identification:_identify(src) by extensions ['cmake', 'python']
[0.502s] Level 1:colcon.colcon_core.package_identification:_identify(src) by extension 'cmake'
[0.503s] Level 1:colcon.colcon_core.package_identification:_identify(src) by extension 'python'
[0.503s] Level 1:colcon.colcon_core.package_identification:_identify(src) by extensions ['python_setup_py']
[0.503s] Level 1:colcon.colcon_core.package_identification:_identify(src) by extension 'python_setup_py'
[0.503s] Level 1:colcon.colcon_core.package_identification:_identify(src/control) by extensions ['ignore', 'ignore_ament_install']
[0.503s] Level 1:colcon.colcon_core.package_identification:_identify(src/control) by extension 'ignore'
[0.503s] Level 1:colcon.colcon_core.package_identification:_identify(src/control) by extension 'ignore_ament_install'
[0.503s] Level 1:colcon.colcon_core.package_identification:_identify(src/control) by extensions ['colcon_pkg']
[0.503s] Level 1:colcon.colcon_core.package_identification:_identify(src/control) by extension 'colcon_pkg'
[0.503s] Level 1:colcon.colcon_core.package_identification:_identify(src/control) by extensions ['colcon_meta']
[0.503s] Level 1:colcon.colcon_core.package_identification:_identify(src/control) by extension 'colcon_meta'
[0.503s] Level 1:colcon.colcon_core.package_identification:_identify(src/control) by extensions ['ros']
[0.503s] Level 1:colcon.colcon_core.package_identification:_identify(src/control) by extension 'ros'
[0.508s] DEBUG:colcon.colcon_core.package_identification:Package 'src/control' with type 'ros.ament_python' and name 'control'
[0.508s] Level 1:colcon.colcon_core.package_identification:_identify(src/main) by extensions ['ignore', 'ignore_ament_install']
[0.509s] Level 1:colcon.colcon_core.package_identification:_identify(src/main) by extension 'ignore'
[0.509s] Level 1:colcon.colcon_core.package_identification:_identify(src/main) by extension 'ignore_ament_install'
[0.509s] Level 1:colcon.colcon_core.package_identification:_identify(src/main) by extensions ['colcon_pkg']
[0.509s] Level 1:colcon.colcon_core.package_identification:_identify(src/main) by extension 'colcon_pkg'
[0.509s] Level 1:colcon.colcon_core.package_identification:_identify(src/main) by extensions ['colcon_meta']
[0.509s] Level 1:colcon.colcon_core.package_identification:_identify(src/main) by extension 'colcon_meta'
[0.509s] Level 1:colcon.colcon_core.package_identification:_identify(src/main) by extensions ['ros']
[0.509s] Level 1:colcon.colcon_core.package_identification:_identify(src/main) by extension 'ros'
[0.510s] DEBUG:colcon.colcon_core.package_identification:Package 'src/main' with type 'ros.ament_python' and name 'main'
[0.511s] Level 1:colcon.colcon_core.package_identification:_identify(src/sensors) by extensions ['ignore', 'ignore_ament_install']
[0.511s] Level 1:colcon.colcon_core.package_identification:_identify(src/sensors) by extension 'ignore'
[0.511s] Level 1:colcon.colcon_core.package_identification:_identify(src/sensors) by extension 'ignore_ament_install'
[0.511s] Level 1:colcon.colcon_core.package_identification:_identify(src/sensors) by extensions ['colcon_pkg']
[0.511s] Level 1:colcon.colcon_core.package_identification:_identify(src/sensors) by extension 'colcon_pkg'
[0.511s] Level 1:colcon.colcon_core.package_identification:_identify(src/sensors) by extensions ['colcon_meta']
[0.511s] Level 1:colcon.colcon_core.package_identification:_identify(src/sensors) by extension 'colcon_meta'
[0.511s] Level 1:colcon.colcon_core.package_identification:_identify(src/sensors) by extensions ['ros']
[0.511s] Level 1:colcon.colcon_core.package_identification:_identify(src/sensors) by extension 'ros'
[0.512s] DEBUG:colcon.colcon_core.package_identification:Package 'src/sensors' with type 'ros.ament_python' and name 'sensors'
[0.513s] Level 1:colcon.colcon_core.package_identification:_identify(src/user) by extensions ['ignore', 'ignore_ament_install']
[0.513s] Level 1:colcon.colcon_core.package_identification:_identify(src/user) by extension 'ignore'
[0.513s] Level 1:colcon.colcon_core.package_identification:_identify(src/user) by extension 'ignore_ament_install'
[0.513s] Level 1:colcon.colcon_core.package_identification:_identify(src/user) by extensions ['colcon_pkg']
[0.513s] Level 1:colcon.colcon_core.package_identification:_identify(src/user) by extension 'colcon_pkg'
[0.513s] Level 1:colcon.colcon_core.package_identification:_identify(src/user) by extensions ['colcon_meta']
[0.513s] Level 1:colcon.colcon_core.package_identification:_identify(src/user) by extension 'colcon_meta'
[0.513s] Level 1:colcon.colcon_core.package_identification:_identify(src/user) by extensions ['ros']
[0.514s] Level 1:colcon.colcon_core.package_identification:_identify(src/user) by extension 'ros'
[0.515s] DEBUG:colcon.colcon_core.package_identification:Package 'src/user' with type 'ros.ament_python' and name 'user'
[0.515s] Level 1:colcon.colcon_core.package_discovery:discover_packages(recursive) using defaults
[0.515s] Level 1:colcon.colcon_core.package_discovery:discover_packages(ignore) discover
[0.515s] Level 1:colcon.colcon_core.package_discovery:discover_packages(ignore) using defaults
[0.515s] Level 1:colcon.colcon_core.package_discovery:discover_packages(path) discover
[0.515s] Level 1:colcon.colcon_core.package_discovery:discover_packages(path) using defaults
[0.544s] Level 1:colcon.colcon_core.package_discovery:discover_packages(prefix_path) check parameters
[0.544s] Level 1:colcon.colcon_core.package_discovery:discover_packages(prefix_path) discover
[0.547s] DEBUG:colcon.colcon_installed_package_information.package_discovery:Found 4 installed packages in /home/quauv/auv/install
[0.548s] DEBUG:colcon.colcon_installed_package_information.package_discovery:Found 2 installed packages in /home/quauv/prequalAuv/install
[0.550s] DEBUG:colcon.colcon_installed_package_information.package_discovery:Found 310 installed packages in /opt/ros/humble
[0.553s] Level 1:colcon.colcon_core.package_discovery:discover_packages(prefix_path) using defaults
[0.608s] Level 5:colcon.colcon_core.verb:set package 'control' build argument 'cmake_args' from command line to 'None'
[0.609s] Level 5:colcon.colcon_core.verb:set package 'control' build argument 'cmake_target' from command line to 'None'
[0.609s] Level 5:colcon.colcon_core.verb:set package 'control' build argument 'cmake_target_skip_unavailable' from command line to 'False'
[0.609s] Level 5:colcon.colcon_core.verb:set package 'control' build argument 'cmake_clean_cache' from command line to 'False'
[0.609s] Level 5:colcon.colcon_core.verb:set package 'control' build argument 'cmake_clean_first' from command line to 'False'
[0.609s] Level 5:colcon.colcon_core.verb:set package 'control' build argument 'cmake_force_configure' from command line to 'False'
[0.609s] Level 5:colcon.colcon_core.verb:set package 'control' build argument 'ament_cmake_args' from command line to 'None'
[0.609s] Level 5:colcon.colcon_core.verb:set package 'control' build argument 'catkin_cmake_args' from command line to 'None'
[0.609s] Level 5:colcon.colcon_core.verb:set package 'control' build argument 'catkin_skip_building_tests' from command line to 'False'
[0.609s] DEBUG:colcon.colcon_core.verb:Building package 'control' with the following arguments: {'ament_cmake_args': None, 'build_base': '/home/quauv/auv/build/control', 'catkin_cmake_args': None, 'catkin_skip_building_tests': False, 'cmake_args': None, 'cmake_clean_cache': False, 'cmake_clean_first': False, 'cmake_force_configure': False, 'cmake_target': None, 'cmake_target_skip_unavailable': False, 'install_base': '/home/quauv/auv/install/control', 'merge_install': False, 'path': '/home/quauv/auv/src/control', 'symlink_install': False, 'test_result_base': None}
[0.609s] Level 5:colcon.colcon_core.verb:set package 'main' build argument 'cmake_args' from command line to 'None'
[0.610s] Level 5:colcon.colcon_core.verb:set package 'main' build argument 'cmake_target' from command line to 'None'
[0.610s] Level 5:colcon.colcon_core.verb:set package 'main' build argument 'cmake_target_skip_unavailable' from command line to 'False'
[0.610s] Level 5:colcon.colcon_core.verb:set package 'main' build argument 'cmake_clean_cache' from command line to 'False'
[0.610s] Level 5:colcon.colcon_core.verb:set package 'main' build argument 'cmake_clean_first' from command line to 'False'
[0.610s] Level 5:colcon.colcon_core.verb:set package 'main' build argument 'cmake_force_configure' from command line to 'False'
[0.610s] Level 5:colcon.colcon_core.verb:set package 'main' build argument 'ament_cmake_args' from command line to 'None'
[0.610s] Level 5:colcon.colcon_core.verb:set package 'main' build argument 'catkin_cmake_args' from command line to 'None'
[0.610s] Level 5:colcon.colcon_core.verb:set package 'main' build argument 'catkin_skip_building_tests' from command line to 'False'
[0.610s] DEBUG:colcon.colcon_core.verb:Building package 'main' with the following arguments: {'ament_cmake_args': None, 'build_base': '/home/quauv/auv/build/main', 'catkin_cmake_args': None, 'catkin_skip_building_tests': False, 'cmake_args': None, 'cmake_clean_cache': False, 'cmake_clean_first': False, 'cmake_force_configure': False, 'cmake_target': None, 'cmake_target_skip_unavailable': False, 'install_base': '/home/quauv/auv/install/main', 'merge_install': False, 'path': '/home/quauv/auv/src/main', 'symlink_install': False, 'test_result_base': None}
[0.610s] Level 5:colcon.colcon_core.verb:set package 'sensors' build argument 'cmake_args' from command line to 'None'
[0.610s] Level 5:colcon.colcon_core.verb:set package 'sensors' build argument 'cmake_target' from command line to 'None'
[0.610s] Level 5:colcon.colcon_core.verb:set package 'sensors' build argument 'cmake_target_skip_unavailable' from command line to 'False'
[0.610s] Level 5:colcon.colcon_core.verb:set package 'sensors' build argument 'cmake_clean_cache' from command line to 'False'
[0.610s] Level 5:colcon.colcon_core.verb:set package 'sensors' build argument 'cmake_clean_first' from command line to 'False'
[0.610s] Level 5:colcon.colcon_core.verb:set package 'sensors' build argument 'cmake_force_configure' from command line to 'False'
[0.610s] Level 5:colcon.colcon_core.verb:set package 'sensors' build argument 'ament_cmake_args' from command line to 'None'
[0.611s] Level 5:colcon.colcon_core.verb:set package 'sensors' build argument 'catkin_cmake_args' from command line to 'None'
[0.611s] Level 5:colcon.colcon_core.verb:set package 'sensors' build argument 'catkin_skip_building_tests' from command line to 'False'
[0.611s] DEBUG:colcon.colcon_core.verb:Building package 'sensors' with the following arguments: {'ament_cmake_args': None, 'build_base': '/home/quauv/auv/build/sensors', 'catkin_cmake_args': None, 'catkin_skip_building_tests': False, 'cmake_args': None, 'cmake_clean_cache': False, 'cmake_clean_first': False, 'cmake_force_configure': False, 'cmake_target': None, 'cmake_target_skip_unavailable': False, 'install_base': '/home/quauv/auv/install/sensors', 'merge_install': False, 'path': '/home/quauv/auv/src/sensors', 'symlink_install': False, 'test_result_base': None}
[0.611s] Level 5:colcon.colcon_core.verb:set package 'user' build argument 'cmake_args' from command line to 'None'
[0.611s] Level 5:colcon.colcon_core.verb:set package 'user' build argument 'cmake_target' from command line to 'None'
[0.611s] Level 5:colcon.colcon_core.verb:set package 'user' build argument 'cmake_target_skip_unavailable' from command line to 'False'
[0.611s] Level 5:colcon.colcon_core.verb:set package 'user' build argument 'cmake_clean_cache' from command line to 'False'
[0.611s] Level 5:colcon.colcon_core.verb:set package 'user' build argument 'cmake_clean_first' from command line to 'False'
[0.611s] Level 5:colcon.colcon_core.verb:set package 'user' build argument 'cmake_force_configure' from command line to 'False'
[0.611s] Level 5:colcon.colcon_core.verb:set package 'user' build argument 'ament_cmake_args' from command line to 'None'
[0.611s] Level 5:colcon.colcon_core.verb:set package 'user' build argument 'catkin_cmake_args' from command line to 'None'
[0.611s] Level 5:colcon.colcon_core.verb:set package 'user' build argument 'catkin_skip_building_tests' from command line to 'False'
[0.611s] DEBUG:colcon.colcon_core.verb:Building package 'user' with the following arguments: {'ament_cmake_args': None, 'build_base': '/home/quauv/auv/build/user', 'catkin_cmake_args': None, 'catkin_skip_building_tests': False, 'cmake_args': None, 'cmake_clean_cache': False, 'cmake_clean_first': False, 'cmake_force_configure': False, 'cmake_target': None, 'cmake_target_skip_unavailable': False, 'install_base': '/home/quauv/auv/install/user', 'merge_install': False, 'path': '/home/quauv/auv/src/user', 'symlink_install': False, 'test_result_base': None}
[0.612s] INFO:colcon.colcon_core.executor:Executing jobs using 'parallel' executor
[0.613s] DEBUG:colcon.colcon_parallel_executor.executor.parallel:run_until_complete
[0.614s] INFO:colcon.colcon_ros.task.ament_python.build:Building ROS package in '/home/quauv/auv/src/control' with build type 'ament_python'
[0.614s] Level 1:colcon.colcon_core.shell:create_environment_hook('control', 'ament_prefix_path')
[0.617s] INFO:colcon.colcon_core.plugin_system:Skipping extension 'colcon_core.shell.bat': Not used on non-Windows systems
[0.618s] INFO:colcon.colcon_core.shell:Creating environment hook '/home/quauv/auv/install/control/share/control/hook/ament_prefix_path.ps1'
[0.619s] INFO:colcon.colcon_core.shell:Creating environment descriptor '/home/quauv/auv/install/control/share/control/hook/ament_prefix_path.dsv'
[0.620s] INFO:colcon.colcon_core.shell:Creating environment hook '/home/quauv/auv/install/control/share/control/hook/ament_prefix_path.sh'
[0.621s] INFO:colcon.colcon_core.shell:Skip shell extension 'powershell' for command environment: Not usable outside of PowerShell
[0.621s] DEBUG:colcon.colcon_core.shell:Skip shell extension 'dsv' for command environment
[0.626s] INFO:colcon.colcon_ros.task.ament_python.build:Building ROS package in '/home/quauv/auv/src/main' with build type 'ament_python'
[0.626s] Level 1:colcon.colcon_core.shell:create_environment_hook('main', 'ament_prefix_path')
[0.627s] INFO:colcon.colcon_core.shell:Creating environment hook '/home/quauv/auv/install/main/share/main/hook/ament_prefix_path.ps1'
[0.627s] INFO:colcon.colcon_core.shell:Creating environment descriptor '/home/quauv/auv/install/main/share/main/hook/ament_prefix_path.dsv'
[0.628s] INFO:colcon.colcon_core.shell:Creating environment hook '/home/quauv/auv/install/main/share/main/hook/ament_prefix_path.sh'
[0.629s] INFO:colcon.colcon_core.shell:Skip shell extension 'powershell' for command environment: Not usable outside of PowerShell
[0.629s] DEBUG:colcon.colcon_core.shell:Skip shell extension 'dsv' for command environment
[0.634s] INFO:colcon.colcon_ros.task.ament_python.build:Building ROS package in '/home/quauv/auv/src/sensors' with build type 'ament_python'
[0.634s] Level 1:colcon.colcon_core.shell:create_environment_hook('sensors', 'ament_prefix_path')
[0.634s] INFO:colcon.colcon_core.shell:Creating environment hook '/home/quauv/auv/install/sensors/share/sensors/hook/ament_prefix_path.ps1'
[0.635s] INFO:colcon.colcon_core.shell:Creating environment descriptor '/home/quauv/auv/install/sensors/share/sensors/hook/ament_prefix_path.dsv'
[0.636s] INFO:colcon.colcon_core.shell:Creating environment hook '/home/quauv/auv/install/sensors/share/sensors/hook/ament_prefix_path.sh'
[0.637s] INFO:colcon.colcon_core.shell:Skip shell extension 'powershell' for command environment: Not usable outside of PowerShell
[0.637s] DEBUG:colcon.colcon_core.shell:Skip shell extension 'dsv' for command environment
[0.642s] INFO:colcon.colcon_ros.task.ament_python.build:Building ROS package in '/home/quauv/auv/src/user' with build type 'ament_python'
[0.642s] Level 1:colcon.colcon_core.shell:create_environment_hook('user', 'ament_prefix_path')
[0.642s] INFO:colcon.colcon_core.shell:Creating environment hook '/home/quauv/auv/install/user/share/user/hook/ament_prefix_path.ps1'
[0.643s] INFO:colcon.colcon_core.shell:Creating environment descriptor '/home/quauv/auv/install/user/share/user/hook/ament_prefix_path.dsv'
[0.644s] INFO:colcon.colcon_core.shell:Creating environment hook '/home/quauv/auv/install/user/share/user/hook/ament_prefix_path.sh'
[0.646s] INFO:colcon.colcon_core.shell:Skip shell extension 'powershell' for command environment: Not usable outside of PowerShell
[0.646s] DEBUG:colcon.colcon_core.shell:Skip shell extension 'dsv' for command environment
[1.106s] INFO:colcon.colcon_core.task.python.build:Building Python package in '/home/quauv/auv/src/control'
[1.107s] INFO:colcon.colcon_core.shell:Skip shell extension 'powershell' for command environment: Not usable outside of PowerShell
[1.107s] DEBUG:colcon.colcon_core.shell:Skip shell extension 'dsv' for command environment
[1.580s] INFO:colcon.colcon_core.task.python.build:Building Python package in '/home/quauv/auv/src/main'
[1.580s] INFO:colcon.colcon_core.shell:Skip shell extension 'powershell' for command environment: Not usable outside of PowerShell
[1.580s] DEBUG:colcon.colcon_core.shell:Skip shell extension 'dsv' for command environment
[2.031s] INFO:colcon.colcon_core.task.python.build:Building Python package in '/home/quauv/auv/src/sensors'
[2.031s] INFO:colcon.colcon_core.shell:Skip shell extension 'powershell' for command environment: Not usable outside of PowerShell
[2.032s] DEBUG:colcon.colcon_core.shell:Skip shell extension 'dsv' for command environment
[2.505s] INFO:colcon.colcon_core.task.python.build:Building Python package in '/home/quauv/auv/src/user'
[2.506s] INFO:colcon.colcon_core.shell:Skip shell extension 'powershell' for command environment: Not usable outside of PowerShell
[2.506s] DEBUG:colcon.colcon_core.shell:Skip shell extension 'dsv' for command environment
[3.140s] DEBUG:colcon.colcon_core.event_handler.log_command:Invoking command in '/home/quauv/auv/src/control': PYTHONPATH=/home/quauv/auv/build/control/prefix_override:/usr/lib/python3/dist-packages/colcon_core/task/python/colcon_distutils_commands:/home/quauv/auv/install/control/lib/python3.10/site-packages:${PYTHONPATH} /usr/bin/python3 -W ignore:setup.py install is deprecated -W ignore:easy_install command is deprecated setup.py egg_info --egg-base ../../build/control build --build-base /home/quauv/auv/build/control/build install --record /home/quauv/auv/build/control/install.log --single-version-externally-managed install_data
[3.147s] DEBUG:colcon.colcon_core.event_handler.log_command:Invoking command in '/home/quauv/auv/src/main': PYTHONPATH=/home/quauv/auv/build/main/prefix_override:/usr/lib/python3/dist-packages/colcon_core/task/python/colcon_distutils_commands:/home/quauv/auv/install/main/lib/python3.10/site-packages:${PYTHONPATH} /usr/bin/python3 -W ignore:setup.py install is deprecated -W ignore:easy_install command is deprecated setup.py egg_info --egg-base ../../build/main build --build-base /home/quauv/auv/build/main/build install --record /home/quauv/auv/build/main/install.log --single-version-externally-managed install_data
[3.165s] DEBUG:colcon.colcon_core.event_handler.log_command:Invoking command in '/home/quauv/auv/src/sensors': PYTHONPATH=/home/quauv/auv/build/sensors/prefix_override:/usr/lib/python3/dist-packages/colcon_core/task/python/colcon_distutils_commands:/home/quauv/auv/install/sensors/lib/python3.10/site-packages:${PYTHONPATH} /usr/bin/python3 -W ignore:setup.py install is deprecated -W ignore:easy_install command is deprecated setup.py egg_info --egg-base ../../build/sensors build --build-base /home/quauv/auv/build/sensors/build install --record /home/quauv/auv/build/sensors/install.log --single-version-externally-managed install_data
[3.175s] DEBUG:colcon.colcon_core.event_handler.log_command:Invoking command in '/home/quauv/auv/src/user': PYTHONPATH=/home/quauv/auv/build/user/prefix_override:/usr/lib/python3/dist-packages/colcon_core/task/python/colcon_distutils_commands:/home/quauv/auv/install/user/lib/python3.10/site-packages:${PYTHONPATH} /usr/bin/python3 -W ignore:setup.py install is deprecated -W ignore:easy_install command is deprecated setup.py egg_info --egg-base ../../build/user build --build-base /home/quauv/auv/build/user/build install --record /home/quauv/auv/build/user/install.log --single-version-externally-managed install_data
[3.668s] DEBUG:colcon.colcon_core.event_handler.log_command:Invoked command in '/home/quauv/auv/src/main' returned '0': PYTHONPATH=/home/quauv/auv/build/main/prefix_override:/usr/lib/python3/dist-packages/colcon_core/task/python/colcon_distutils_commands:/home/quauv/auv/install/main/lib/python3.10/site-packages:${PYTHONPATH} /usr/bin/python3 -W ignore:setup.py install is deprecated -W ignore:easy_install command is deprecated setup.py egg_info --egg-base ../../build/main build --build-base /home/quauv/auv/build/main/build install --record /home/quauv/auv/build/main/install.log --single-version-externally-managed install_data
[3.671s] Level 1:colcon.colcon_core.environment:checking '/home/quauv/auv/install/main' for CMake module files
[3.672s] Level 1:colcon.colcon_core.environment:checking '/home/quauv/auv/install/main' for CMake config files
[3.674s] Level 1:colcon.colcon_core.environment:checking '/home/quauv/auv/install/main/lib'
[3.675s] Level 1:colcon.colcon_core.environment:checking '/home/quauv/auv/install/main/bin'
[3.675s] Level 1:colcon.colcon_core.environment:checking '/home/quauv/auv/install/main/lib/pkgconfig/main.pc'
[3.676s] Level 1:colcon.colcon_core.environment:checking '/home/quauv/auv/install/main/lib/python3.10/site-packages'
[3.676s] Level 1:colcon.colcon_core.shell:create_environment_hook('main', 'pythonpath')
[3.676s] INFO:colcon.colcon_core.shell:Creating environment hook '/home/quauv/auv/install/main/share/main/hook/pythonpath.ps1'
[3.678s] INFO:colcon.colcon_core.shell:Creating environment descriptor '/home/quauv/auv/install/main/share/main/hook/pythonpath.dsv'
[3.679s] INFO:colcon.colcon_core.shell:Creating environment hook '/home/quauv/auv/install/main/share/main/hook/pythonpath.sh'
[3.681s] Level 1:colcon.colcon_core.environment:checking '/home/quauv/auv/install/main/bin'
[3.681s] Level 1:colcon.colcon_core.environment:create_environment_scripts_only(main)
[3.684s] INFO:colcon.colcon_core.shell:Creating package script '/home/quauv/auv/install/main/share/main/package.ps1'
[3.686s] INFO:colcon.colcon_core.shell:Creating package descriptor '/home/quauv/auv/install/main/share/main/package.dsv'
[3.688s] INFO:colcon.colcon_core.shell:Creating package script '/home/quauv/auv/install/main/share/main/package.sh'
[3.690s] INFO:colcon.colcon_core.shell:Creating package script '/home/quauv/auv/install/main/share/main/package.bash'
[3.691s] INFO:colcon.colcon_core.shell:Creating package script '/home/quauv/auv/install/main/share/main/package.zsh'
[3.692s] Level 1:colcon.colcon_core.environment:create_file_with_runtime_dependencies(/home/quauv/auv/install/main/share/colcon-core/packages/main)
[3.695s] Level 1:colcon.colcon_core.environment:checking '/home/quauv/auv/install/control' for CMake module files
[3.696s] Level 1:colcon.colcon_core.environment:checking '/home/quauv/auv/install/control' for CMake config files
[3.697s] DEBUG:colcon.colcon_core.event_handler.log_command:Invoked command in '/home/quauv/auv/src/control' returned '0': PYTHONPATH=/home/quauv/auv/build/control/prefix_override:/usr/lib/python3/dist-packages/colcon_core/task/python/colcon_distutils_commands:/home/quauv/auv/install/control/lib/python3.10/site-packages:${PYTHONPATH} /usr/bin/python3 -W ignore:setup.py install is deprecated -W ignore:easy_install command is deprecated setup.py egg_info --egg-base ../../build/control build --build-base /home/quauv/auv/build/control/build install --record /home/quauv/auv/build/control/install.log --single-version-externally-managed install_data
[3.698s] Level 1:colcon.colcon_core.environment:checking '/home/quauv/auv/install/control/lib'
[3.698s] Level 1:colcon.colcon_core.environment:checking '/home/quauv/auv/install/control/bin'
[3.698s] Level 1:colcon.colcon_core.environment:checking '/home/quauv/auv/install/control/lib/pkgconfig/control.pc'
[3.698s] Level 1:colcon.colcon_core.environment:checking '/home/quauv/auv/install/control/lib/python3.10/site-packages'
[3.699s] Level 1:colcon.colcon_core.shell:create_environment_hook('control', 'pythonpath')
[3.699s] INFO:colcon.colcon_core.shell:Creating environment hook '/home/quauv/auv/install/control/share/control/hook/pythonpath.ps1'
[3.700s] INFO:colcon.colcon_core.shell:Creating environment descriptor '/home/quauv/auv/install/control/share/control/hook/pythonpath.dsv'
[3.701s] INFO:colcon.colcon_core.shell:Creating environment hook '/home/quauv/auv/install/control/share/control/hook/pythonpath.sh'
[3.702s] Level 1:colcon.colcon_core.environment:checking '/home/quauv/auv/install/control/bin'
[3.702s] Level 1:colcon.colcon_core.environment:create_environment_scripts_only(control)
[3.702s] INFO:colcon.colcon_core.shell:Creating package script '/home/quauv/auv/install/control/share/control/package.ps1'
[3.703s] INFO:colcon.colcon_core.shell:Creating package descriptor '/home/quauv/auv/install/control/share/control/package.dsv'
[3.704s] INFO:colcon.colcon_core.shell:Creating package script '/home/quauv/auv/install/control/share/control/package.sh'
[3.704s] INFO:colcon.colcon_core.shell:Creating package script '/home/quauv/auv/install/control/share/control/package.bash'
[3.705s] INFO:colcon.colcon_core.shell:Creating package script '/home/quauv/auv/install/control/share/control/package.zsh'
[3.706s] Level 1:colcon.colcon_core.environment:create_file_with_runtime_dependencies(/home/quauv/auv/install/control/share/colcon-core/packages/control)
[3.708s] Level 1:colcon.colcon_core.environment:checking '/home/quauv/auv/install/sensors' for CMake module files
[3.709s] Level 1:colcon.colcon_core.environment:checking '/home/quauv/auv/install/sensors' for CMake config files
[3.709s] DEBUG:colcon.colcon_core.event_handler.log_command:Invoked command in '/home/quauv/auv/src/sensors' returned '0': PYTHONPATH=/home/quauv/auv/build/sensors/prefix_override:/usr/lib/python3/dist-packages/colcon_core/task/python/colcon_distutils_commands:/home/quauv/auv/install/sensors/lib/python3.10/site-packages:${PYTHONPATH} /usr/bin/python3 -W ignore:setup.py install is deprecated -W ignore:easy_install command is deprecated setup.py egg_info --egg-base ../../build/sensors build --build-base /home/quauv/auv/build/sensors/build install --record /home/quauv/auv/build/sensors/install.log --single-version-externally-managed install_data
[3.711s] Level 1:colcon.colcon_core.environment:checking '/home/quauv/auv/install/sensors/lib'
[3.711s] Level 1:colcon.colcon_core.environment:checking '/home/quauv/auv/install/sensors/bin'
[3.711s] Level 1:colcon.colcon_core.environment:checking '/home/quauv/auv/install/sensors/lib/pkgconfig/sensors.pc'
[3.711s] Level 1:colcon.colcon_core.environment:checking '/home/quauv/auv/install/sensors/lib/python3.10/site-packages'
[3.711s] Level 1:colcon.colcon_core.shell:create_environment_hook('sensors', 'pythonpath')
[3.712s] INFO:colcon.colcon_core.shell:Creating environment hook '/home/quauv/auv/install/sensors/share/sensors/hook/pythonpath.ps1'
[3.713s] INFO:colcon.colcon_core.shell:Creating environment descriptor '/home/quauv/auv/install/sensors/share/sensors/hook/pythonpath.dsv'
[3.713s] INFO:colcon.colcon_core.shell:Creating environment hook '/home/quauv/auv/install/sensors/share/sensors/hook/pythonpath.sh'
[3.714s] Level 1:colcon.colcon_core.environment:checking '/home/quauv/auv/install/sensors/bin'
[3.714s] Level 1:colcon.colcon_core.environment:create_environment_scripts_only(sensors)
[3.715s] INFO:colcon.colcon_core.shell:Creating package script '/home/quauv/auv/install/sensors/share/sensors/package.ps1'
[3.716s] INFO:colcon.colcon_core.shell:Creating package descriptor '/home/quauv/auv/install/sensors/share/sensors/package.dsv'
[3.716s] INFO:colcon.colcon_core.shell:Creating package script '/home/quauv/auv/install/sensors/share/sensors/package.sh'
[3.717s] INFO:colcon.colcon_core.shell:Creating package script '/home/quauv/auv/install/sensors/share/sensors/package.bash'
[3.718s] INFO:colcon.colcon_core.shell:Creating package script '/home/quauv/auv/install/sensors/share/sensors/package.zsh'
[3.718s] Level 1:colcon.colcon_core.environment:create_file_with_runtime_dependencies(/home/quauv/auv/install/sensors/share/colcon-core/packages/sensors)
[3.720s] Level 1:colcon.colcon_core.environment:checking '/home/quauv/auv/install/user' for CMake module files
[3.721s] Level 1:colcon.colcon_core.environment:checking '/home/quauv/auv/install/user' for CMake config files
[3.722s] DEBUG:colcon.colcon_core.event_handler.log_command:Invoked command in '/home/quauv/auv/src/user' returned '0': PYTHONPATH=/home/quauv/auv/build/user/prefix_override:/usr/lib/python3/dist-packages/colcon_core/task/python/colcon_distutils_commands:/home/quauv/auv/install/user/lib/python3.10/site-packages:${PYTHONPATH} /usr/bin/python3 -W ignore:setup.py install is deprecated -W ignore:easy_install command is deprecated setup.py egg_info --egg-base ../../build/user build --build-base /home/quauv/auv/build/user/build install --record /home/quauv/auv/build/user/install.log --single-version-externally-managed install_data
[3.723s] Level 1:colcon.colcon_core.environment:checking '/home/quauv/auv/install/user/lib'
[3.723s] Level 1:colcon.colcon_core.environment:checking '/home/quauv/auv/install/user/bin'
[3.723s] Level 1:colcon.colcon_core.environment:checking '/home/quauv/auv/install/user/lib/pkgconfig/user.pc'
[3.724s] Level 1:colcon.colcon_core.environment:checking '/home/quauv/auv/install/user/lib/python3.10/site-packages'
[3.724s] Level 1:colcon.colcon_core.shell:create_environment_hook('user', 'pythonpath')
[3.724s] INFO:colcon.colcon_core.shell:Creating environment hook '/home/quauv/auv/install/user/share/user/hook/pythonpath.ps1'
[3.725s] INFO:colcon.colcon_core.shell:Creating environment descriptor '/home/quauv/auv/install/user/share/user/hook/pythonpath.dsv'
[3.726s] INFO:colcon.colcon_core.shell:Creating environment hook '/home/quauv/auv/install/user/share/user/hook/pythonpath.sh'
[3.727s] Level 1:colcon.colcon_core.environment:checking '/home/quauv/auv/install/user/bin'
[3.727s] Level 1:colcon.colcon_core.environment:create_environment_scripts_only(user)
[3.728s] INFO:colcon.colcon_core.shell:Creating package script '/home/quauv/auv/install/user/share/user/package.ps1'
[3.729s] INFO:colcon.colcon_core.shell:Creating package descriptor '/home/quauv/auv/install/user/share/user/package.dsv'
[3.729s] INFO:colcon.colcon_core.shell:Creating package script '/home/quauv/auv/install/user/share/user/package.sh'
[3.730s] INFO:colcon.colcon_core.shell:Creating package script '/home/quauv/auv/install/user/share/user/package.bash'
[3.731s] INFO:colcon.colcon_core.shell:Creating package script '/home/quauv/auv/install/user/share/user/package.zsh'
[3.732s] Level 1:colcon.colcon_core.environment:create_file_with_runtime_dependencies(/home/quauv/auv/install/user/share/colcon-core/packages/user)
[3.732s] DEBUG:colcon.colcon_parallel_executor.executor.parallel:closing loop
[3.733s] DEBUG:colcon.colcon_parallel_executor.executor.parallel:loop closed
[3.733s] DEBUG:colcon.colcon_parallel_executor.executor.parallel:run_until_complete finished with '0'
[3.733s] DEBUG:colcon.colcon_core.event_reactor:joining thread
[3.746s] INFO:colcon.colcon_core.plugin_system:Skipping extension 'colcon_notification.desktop_notification.terminal_notifier': Not used on non-Darwin systems
[3.746s] INFO:colcon.colcon_core.plugin_system:Skipping extension 'colcon_notification.desktop_notification.win32': Not used on non-Windows systems
[3.746s] INFO:colcon.colcon_notification.desktop_notification:Sending desktop notification using 'notify2'
[3.781s] DEBUG:colcon.colcon_core.event_reactor:joined thread
[3.782s] INFO:colcon.colcon_core.shell:Creating prefix script '/home/quauv/auv/install/local_setup.ps1'
[3.784s] INFO:colcon.colcon_core.shell:Creating prefix util module '/home/quauv/auv/install/_local_setup_util_ps1.py'
[3.787s] INFO:colcon.colcon_core.shell:Creating prefix chain script '/home/quauv/auv/install/setup.ps1'
[3.789s] INFO:colcon.colcon_core.shell:Creating prefix script '/home/quauv/auv/install/local_setup.sh'
[3.790s] INFO:colcon.colcon_core.shell:Creating prefix util module '/home/quauv/auv/install/_local_setup_util_sh.py'
[3.791s] INFO:colcon.colcon_core.shell:Creating prefix chain script '/home/quauv/auv/install/setup.sh'
[3.793s] INFO:colcon.colcon_core.shell:Creating prefix script '/home/quauv/auv/install/local_setup.bash'
[3.794s] INFO:colcon.colcon_core.shell:Creating prefix chain script '/home/quauv/auv/install/setup.bash'
[3.796s] INFO:colcon.colcon_core.shell:Creating prefix script '/home/quauv/auv/install/local_setup.zsh'
[3.797s] INFO:colcon.colcon_core.shell:Creating prefix chain script '/home/quauv/auv/install/setup.zsh'
