[2.546s] Invoking command in '/home/quauv/auv/src/sensors': PYTHONPATH=/home/quauv/auv/build/sensors/prefix_override:/usr/lib/python3/dist-packages/colcon_core/task/python/colcon_distutils_commands:/home/quauv/auv/install/sensors/lib/python3.10/site-packages:${PYTHONPATH} /usr/bin/python3 -W ignore:setup.py install is deprecated -W ignore:easy_install command is deprecated setup.py egg_info --egg-base ../../build/sensors build --build-base /home/quauv/auv/build/sensors/build install --record /home/quauv/auv/build/sensors/install.log --single-version-externally-managed install_data
[2.953s] running egg_info
[2.953s] writing ../../build/sensors/sensors.egg-info/PKG-INFO
[2.954s] writing dependency_links to ../../build/sensors/sensors.egg-info/dependency_links.txt
[2.954s] writing entry points to ../../build/sensors/sensors.egg-info/entry_points.txt
[2.954s] writing requirements to ../../build/sensors/sensors.egg-info/requires.txt
[2.954s] writing top-level names to ../../build/sensors/sensors.egg-info/top_level.txt
[2.958s] reading manifest file '../../build/sensors/sensors.egg-info/SOURCES.txt'
[2.959s] writing manifest file '../../build/sensors/sensors.egg-info/SOURCES.txt'
[2.960s] running build
[2.960s] running build_py
[2.960s] copying sensors/frontCam.py -> /home/quauv/auv/build/sensors/build/lib/sensors
[2.960s] running install
[2.961s] running install_lib
[2.962s] copying /home/quauv/auv/build/sensors/build/lib/sensors/frontCam.py -> /home/quauv/auv/install/sensors/lib/python3.10/site-packages/sensors
[2.963s] byte-compiling /home/quauv/auv/install/sensors/lib/python3.10/site-packages/sensors/frontCam.py to frontCam.cpython-310.pyc
[2.966s] running install_data
[2.966s] running install_egg_info
[2.969s] removing '/home/quauv/auv/install/sensors/lib/python3.10/site-packages/sensors-0.0.0-py3.10.egg-info' (and everything under it)
[2.970s] Copying ../../build/sensors/sensors.egg-info to /home/quauv/auv/install/sensors/lib/python3.10/site-packages/sensors-0.0.0-py3.10.egg-info
[2.971s] running install_scripts
[3.003s] Installing bottomCam script to /home/quauv/auv/install/sensors/lib/sensors
[3.004s] Installing frontCam script to /home/quauv/auv/install/sensors/lib/sensors
[3.004s] writing list of installed files to '/home/quauv/auv/build/sensors/install.log'
[3.078s] Invoked command in '/home/quauv/auv/src/sensors' returned '0': PYTHONPATH=/home/quauv/auv/build/sensors/prefix_override:/usr/lib/python3/dist-packages/colcon_core/task/python/colcon_distutils_commands:/home/quauv/auv/install/sensors/lib/python3.10/site-packages:${PYTHONPATH} /usr/bin/python3 -W ignore:setup.py install is deprecated -W ignore:easy_install command is deprecated setup.py egg_info --egg-base ../../build/sensors build --build-base /home/quauv/auv/build/sensors/build install --record /home/quauv/auv/build/sensors/install.log --single-version-externally-managed install_data
