[2.661s] Invoking command in '/home/quauv/auv/src/control': PYTHONPATH=/home/quauv/auv/build/control/prefix_override:/usr/lib/python3/dist-packages/colcon_core/task/python/colcon_distutils_commands:/home/quauv/auv/install/control/lib/python3.10/site-packages:${PYTHONPATH} /usr/bin/python3 -W ignore:setup.py install is deprecated -W ignore:easy_install command is deprecated setup.py egg_info --egg-base ../../build/control build --build-base /home/quauv/auv/build/control/build install --record /home/quauv/auv/build/control/install.log --single-version-externally-managed install_data
[3.089s] running egg_info
[3.090s] writing ../../build/control/control.egg-info/PKG-INFO
[3.090s] writing dependency_links to ../../build/control/control.egg-info/dependency_links.txt
[3.091s] writing entry points to ../../build/control/control.egg-info/entry_points.txt
[3.091s] writing requirements to ../../build/control/control.egg-info/requires.txt
[3.091s] writing top-level names to ../../build/control/control.egg-info/top_level.txt
[3.094s] reading manifest file '../../build/control/control.egg-info/SOURCES.txt'
[3.095s] writing manifest file '../../build/control/control.egg-info/SOURCES.txt'
[3.095s] running build
[3.095s] running build_py
[3.096s] running install
[3.096s] running install_lib
[3.098s] running install_data
[3.099s] running install_egg_info
[3.101s] removing '/home/quauv/auv/install/control/lib/python3.10/site-packages/control-0.0.0-py3.10.egg-info' (and everything under it)
[3.102s] Copying ../../build/control/control.egg-info to /home/quauv/auv/install/control/lib/python3.10/site-packages/control-0.0.0-py3.10.egg-info
[3.103s] running install_scripts
[3.135s] Installing thrusters script to /home/quauv/auv/install/control/lib/control
[3.136s] writing list of installed files to '/home/quauv/auv/build/control/install.log'
[3.204s] Invoked command in '/home/quauv/auv/src/control' returned '0': PYTHONPATH=/home/quauv/auv/build/control/prefix_override:/usr/lib/python3/dist-packages/colcon_core/task/python/colcon_distutils_commands:/home/quauv/auv/install/control/lib/python3.10/site-packages:${PYTHONPATH} /usr/bin/python3 -W ignore:setup.py install is deprecated -W ignore:easy_install command is deprecated setup.py egg_info --egg-base ../../build/control build --build-base /home/quauv/auv/build/control/build install --record /home/quauv/auv/build/control/install.log --single-version-externally-managed install_data
