[2.674s] Invoking command in '/home/quauv/auv/src/sensors': PYTHONPATH=/home/quauv/auv/build/sensors/prefix_override:/usr/lib/python3/dist-packages/colcon_core/task/python/colcon_distutils_commands:/home/quauv/auv/install/sensors/lib/python3.10/site-packages:${PYTHONPATH} /usr/bin/python3 -W ignore:setup.py install is deprecated -W ignore:easy_install command is deprecated setup.py egg_info --egg-base ../../build/sensors build --build-base /home/quauv/auv/build/sensors/build install --record /home/quauv/auv/build/sensors/install.log --single-version-externally-managed install_data
[3.105s] running egg_info
[3.107s] writing ../../build/sensors/sensors.egg-info/PKG-INFO
[3.107s] writing dependency_links to ../../build/sensors/sensors.egg-info/dependency_links.txt
[3.107s] writing entry points to ../../build/sensors/sensors.egg-info/entry_points.txt
[3.107s] writing requirements to ../../build/sensors/sensors.egg-info/requires.txt
[3.108s] writing top-level names to ../../build/sensors/sensors.egg-info/top_level.txt
[3.112s] reading manifest file '../../build/sensors/sensors.egg-info/SOURCES.txt'
[3.114s] writing manifest file '../../build/sensors/sensors.egg-info/SOURCES.txt'
[3.114s] running build
[3.114s] running build_py
[3.114s] copying sensors/frontCam.py -> /home/quauv/auv/build/sensors/build/lib/sensors
[3.115s] running install
[3.115s] running install_lib
[3.117s] copying /home/quauv/auv/build/sensors/build/lib/sensors/frontCam.py -> /home/quauv/auv/install/sensors/lib/python3.10/site-packages/sensors
[3.118s] byte-compiling /home/quauv/auv/install/sensors/lib/python3.10/site-packages/sensors/frontCam.py to frontCam.cpython-310.pyc
[3.122s] running install_data
[3.122s] running install_egg_info
[3.125s] removing '/home/quauv/auv/install/sensors/lib/python3.10/site-packages/sensors-0.0.0-py3.10.egg-info' (and everything under it)
[3.126s] Copying ../../build/sensors/sensors.egg-info to /home/quauv/auv/install/sensors/lib/python3.10/site-packages/sensors-0.0.0-py3.10.egg-info
[3.127s] running install_scripts
[3.162s] Installing bottomCam script to /home/quauv/auv/install/sensors/lib/sensors
[3.162s] Installing frontCam script to /home/quauv/auv/install/sensors/lib/sensors
[3.163s] writing list of installed files to '/home/quauv/auv/build/sensors/install.log'
[3.237s] Invoked command in '/home/quauv/auv/src/sensors' returned '0': PYTHONPATH=/home/quauv/auv/build/sensors/prefix_override:/usr/lib/python3/dist-packages/colcon_core/task/python/colcon_distutils_commands:/home/quauv/auv/install/sensors/lib/python3.10/site-packages:${PYTHONPATH} /usr/bin/python3 -W ignore:setup.py install is deprecated -W ignore:easy_install command is deprecated setup.py egg_info --egg-base ../../build/sensors build --build-base /home/quauv/auv/build/sensors/build install --record /home/quauv/auv/build/sensors/install.log --single-version-externally-managed install_data
