[2.525s] Invoking command in '/home/quauv/auv/src/sensors': PYTHONPATH=/home/quauv/auv/build/sensors/prefix_override:/usr/lib/python3/dist-packages/colcon_core/task/python/colcon_distutils_commands:/home/quauv/auv/install/sensors/lib/python3.10/site-packages:${PYTHONPATH} /usr/bin/python3 -W ignore:setup.py install is deprecated -W ignore:easy_install command is deprecated setup.py egg_info --egg-base ../../build/sensors build --build-base /home/quauv/auv/build/sensors/build install --record /home/quauv/auv/build/sensors/install.log --single-version-externally-managed install_data
[2.941s] running egg_info
[2.942s] writing ../../build/sensors/sensors.egg-info/PKG-INFO
[2.942s] writing dependency_links to ../../build/sensors/sensors.egg-info/dependency_links.txt
[2.943s] writing entry points to ../../build/sensors/sensors.egg-info/entry_points.txt
[2.943s] writing requirements to ../../build/sensors/sensors.egg-info/requires.txt
[2.943s] writing top-level names to ../../build/sensors/sensors.egg-info/top_level.txt
[2.946s] reading manifest file '../../build/sensors/sensors.egg-info/SOURCES.txt'
[2.947s] writing manifest file '../../build/sensors/sensors.egg-info/SOURCES.txt'
[2.948s] running build
[2.948s] running build_py
[2.948s] copying scripts/__init__.py -> /home/quauv/auv/build/sensors/build/lib/scripts
[2.949s] copying scripts/ms5837.py -> /home/quauv/auv/build/sensors/build/lib/scripts
[2.949s] copying scripts/euler_from_quat.py -> /home/quauv/auv/build/sensors/build/lib/scripts
[2.950s] copying sensors/__init__.py -> /home/quauv/auv/build/sensors/build/lib/sensors
[2.950s] running install
[2.950s] running install_lib
[2.951s] copying /home/quauv/auv/build/sensors/build/lib/scripts/__init__.py -> /home/quauv/auv/install/sensors/lib/python3.10/site-packages/scripts
[2.951s] copying /home/quauv/auv/build/sensors/build/lib/scripts/ms5837.py -> /home/quauv/auv/install/sensors/lib/python3.10/site-packages/scripts
[2.951s] copying /home/quauv/auv/build/sensors/build/lib/scripts/euler_from_quat.py -> /home/quauv/auv/install/sensors/lib/python3.10/site-packages/scripts
[2.951s] copying /home/quauv/auv/build/sensors/build/lib/sensors/__init__.py -> /home/quauv/auv/install/sensors/lib/python3.10/site-packages/sensors
[2.952s] running install_data
[2.953s] copying resource/sensors -> /home/quauv/auv/install/sensors/share/ament_index/resource_index/packages
[2.953s] copying package.xml -> /home/quauv/auv/install/sensors/share/sensors
[2.953s] running install_egg_info
[2.956s] removing '/home/quauv/auv/install/sensors/lib/python3.10/site-packages/sensors-0.0.0-py3.10.egg-info' (and everything under it)
[2.957s] Copying ../../build/sensors/sensors.egg-info to /home/quauv/auv/install/sensors/lib/python3.10/site-packages/sensors-0.0.0-py3.10.egg-info
[2.958s] running install_scripts
[2.988s] Installing bottomCam script to /home/quauv/auv/install/sensors/lib/sensors
[2.988s] Installing frontCam script to /home/quauv/auv/install/sensors/lib/sensors
[2.989s] writing list of installed files to '/home/quauv/auv/build/sensors/install.log'
[3.092s] Invoked command in '/home/quauv/auv/src/sensors' returned '0': PYTHONPATH=/home/quauv/auv/build/sensors/prefix_override:/usr/lib/python3/dist-packages/colcon_core/task/python/colcon_distutils_commands:/home/quauv/auv/install/sensors/lib/python3.10/site-packages:${PYTHONPATH} /usr/bin/python3 -W ignore:setup.py install is deprecated -W ignore:easy_install command is deprecated setup.py egg_info --egg-base ../../build/sensors build --build-base /home/quauv/auv/build/sensors/build install --record /home/quauv/auv/build/sensors/install.log --single-version-externally-managed install_data
