/home/quauv/auv/install/sensors/lib/python3.10/site-packages/scripts/__init__.py
/home/quauv/auv/install/sensors/lib/python3.10/site-packages/scripts/ms5837.py
/home/quauv/auv/install/sensors/lib/python3.10/site-packages/scripts/euler_from_quat.py
/home/quauv/auv/install/sensors/lib/python3.10/site-packages/sensors/__init__.py
/home/quauv/auv/install/sensors/lib/python3.10/site-packages/sensors/frontCam.py
/home/quauv/auv/install/sensors/lib/python3.10/site-packages/scripts/__pycache__/__init__.cpython-310.pyc
/home/quauv/auv/install/sensors/lib/python3.10/site-packages/scripts/__pycache__/ms5837.cpython-310.pyc
/home/quauv/auv/install/sensors/lib/python3.10/site-packages/scripts/__pycache__/euler_from_quat.cpython-310.pyc
/home/quauv/auv/install/sensors/lib/python3.10/site-packages/sensors/__pycache__/__init__.cpython-310.pyc
/home/quauv/auv/install/sensors/lib/python3.10/site-packages/sensors/__pycache__/frontCam.cpython-310.pyc
/home/quauv/auv/install/sensors/share/ament_index/resource_index/packages/sensors
/home/quauv/auv/install/sensors/share/sensors/package.xml
/home/quauv/auv/install/sensors/lib/python3.10/site-packages/sensors-0.0.0-py3.10.egg-info/entry_points.txt
/home/quauv/auv/install/sensors/lib/python3.10/site-packages/sensors-0.0.0-py3.10.egg-info/top_level.txt
/home/quauv/auv/install/sensors/lib/python3.10/site-packages/sensors-0.0.0-py3.10.egg-info/SOURCES.txt
/home/quauv/auv/install/sensors/lib/python3.10/site-packages/sensors-0.0.0-py3.10.egg-info/zip-safe
/home/quauv/auv/install/sensors/lib/python3.10/site-packages/sensors-0.0.0-py3.10.egg-info/dependency_links.txt
/home/quauv/auv/install/sensors/lib/python3.10/site-packages/sensors-0.0.0-py3.10.egg-info/requires.txt
/home/quauv/auv/install/sensors/lib/python3.10/site-packages/sensors-0.0.0-py3.10.egg-info/PKG-INFO
/home/quauv/auv/install/sensors/lib/sensors/bottomCam
/home/quauv/auv/install/sensors/lib/sensors/frontCam
