[2.482s] Invoking command in '/home/quauv/auv/src/sensors': PYTHONPATH=/home/quauv/auv/build/sensors/prefix_override:/usr/lib/python3/dist-packages/colcon_core/task/python/colcon_distutils_commands:/home/quauv/auv/install/sensors/lib/python3.10/site-packages:${PYTHONPATH} /usr/bin/python3 -W ignore:setup.py install is deprecated -W ignore:easy_install command is deprecated setup.py egg_info --egg-base ../../build/sensors build --build-base /home/quauv/auv/build/sensors/build install --record /home/quauv/auv/build/sensors/install.log --single-version-externally-managed install_data
[2.886s] running egg_info
[2.887s] writing ../../build/sensors/sensors.egg-info/PKG-INFO
[2.887s] writing dependency_links to ../../build/sensors/sensors.egg-info/dependency_links.txt
[2.888s] writing entry points to ../../build/sensors/sensors.egg-info/entry_points.txt
[2.888s] writing requirements to ../../build/sensors/sensors.egg-info/requires.txt
[2.888s] writing top-level names to ../../build/sensors/sensors.egg-info/top_level.txt
[2.891s] reading manifest file '../../build/sensors/sensors.egg-info/SOURCES.txt'
[2.892s] writing manifest file '../../build/sensors/sensors.egg-info/SOURCES.txt'
[2.892s] running build
[2.893s] running build_py
[2.893s] creating /home/quauv/auv/build/sensors/build/lib/scripts
[2.893s] copying scripts/__init__.py -> /home/quauv/auv/build/sensors/build/lib/scripts
[2.893s] copying scripts/ms5837.py -> /home/quauv/auv/build/sensors/build/lib/scripts
[2.893s] copying scripts/euler_from_quat.py -> /home/quauv/auv/build/sensors/build/lib/scripts
[2.894s] copying sensors/frontCam.py -> /home/quauv/auv/build/sensors/build/lib/sensors
[2.894s] running install
[2.895s] running install_lib
[2.896s] creating /home/quauv/auv/install/sensors/lib/python3.10/site-packages/scripts
[2.896s] copying /home/quauv/auv/build/sensors/build/lib/scripts/__init__.py -> /home/quauv/auv/install/sensors/lib/python3.10/site-packages/scripts
[2.896s] copying /home/quauv/auv/build/sensors/build/lib/scripts/ms5837.py -> /home/quauv/auv/install/sensors/lib/python3.10/site-packages/scripts
[2.896s] copying /home/quauv/auv/build/sensors/build/lib/scripts/euler_from_quat.py -> /home/quauv/auv/install/sensors/lib/python3.10/site-packages/scripts
[2.897s] copying /home/quauv/auv/build/sensors/build/lib/sensors/frontCam.py -> /home/quauv/auv/install/sensors/lib/python3.10/site-packages/sensors
[2.898s] byte-compiling /home/quauv/auv/install/sensors/lib/python3.10/site-packages/scripts/__init__.py to __init__.cpython-310.pyc
[2.898s] byte-compiling /home/quauv/auv/install/sensors/lib/python3.10/site-packages/scripts/ms5837.py to ms5837.cpython-310.pyc
[2.901s] byte-compiling /home/quauv/auv/install/sensors/lib/python3.10/site-packages/scripts/euler_from_quat.py to euler_from_quat.cpython-310.pyc
[2.902s] byte-compiling /home/quauv/auv/install/sensors/lib/python3.10/site-packages/sensors/frontCam.py to frontCam.cpython-310.pyc
[2.904s] running install_data
[2.904s] running install_egg_info
[2.907s] removing '/home/quauv/auv/install/sensors/lib/python3.10/site-packages/sensors-0.0.0-py3.10.egg-info' (and everything under it)
[2.908s] Copying ../../build/sensors/sensors.egg-info to /home/quauv/auv/install/sensors/lib/python3.10/site-packages/sensors-0.0.0-py3.10.egg-info
[2.909s] running install_scripts
[2.941s] Installing bottomCam script to /home/quauv/auv/install/sensors/lib/sensors
[2.941s] Installing frontCam script to /home/quauv/auv/install/sensors/lib/sensors
[2.942s] writing list of installed files to '/home/quauv/auv/build/sensors/install.log'
[3.011s] Invoked command in '/home/quauv/auv/src/sensors' returned '0': PYTHONPATH=/home/quauv/auv/build/sensors/prefix_override:/usr/lib/python3/dist-packages/colcon_core/task/python/colcon_distutils_commands:/home/quauv/auv/install/sensors/lib/python3.10/site-packages:${PYTHONPATH} /usr/bin/python3 -W ignore:setup.py install is deprecated -W ignore:easy_install command is deprecated setup.py egg_info --egg-base ../../build/sensors build --build-base /home/quauv/auv/build/sensors/build install --record /home/quauv/auv/build/sensors/install.log --single-version-externally-managed install_data
