running egg_info
writing ../../build/main/main.egg-info/PKG-INFO
writing dependency_links to ../../build/main/main.egg-info/dependency_links.txt
writing entry points to ../../build/main/main.egg-info/entry_points.txt
writing requirements to ../../build/main/main.egg-info/requires.txt
writing top-level names to ../../build/main/main.egg-info/top_level.txt
reading manifest file '../../build/main/main.egg-info/SOURCES.txt'
writing manifest file '../../build/main/main.egg-info/SOURCES.txt'
running build
running build_py
copying main/__init__.py -> /home/quauv/auv/build/main/build/lib/main
running install
running install_lib
copying /home/quauv/auv/build/main/build/lib/main/__init__.py -> /home/quauv/auv/install/main/lib/python3.10/site-packages/main
running install_data
copying resource/main -> /home/quauv/auv/install/main/share/ament_index/resource_index/packages
copying package.xml -> /home/quauv/auv/install/main/share/main
running install_egg_info
removing '/home/quauv/auv/install/main/lib/python3.10/site-packages/main-0.0.0-py3.10.egg-info' (and everything under it)
Copying ../../build/main/main.egg-info to /home/quauv/auv/install/main/lib/python3.10/site-packages/main-0.0.0-py3.10.egg-info
running install_scripts
Installing missionControl script to /home/quauv/auv/install/main/lib/main
Installing navigation script to /home/quauv/auv/install/main/lib/main
writing list of installed files to '/home/quauv/auv/build/main/install.log'
