[2.540s] Invoking command in '/home/quauv/auv/src/main': PYTHONPATH=/home/quauv/auv/build/main/prefix_override:/usr/lib/python3/dist-packages/colcon_core/task/python/colcon_distutils_commands:/home/quauv/auv/install/main/lib/python3.10/site-packages:${PYTHONPATH} /usr/bin/python3 -W ignore:setup.py install is deprecated -W ignore:easy_install command is deprecated setup.py egg_info --egg-base ../../build/main build --build-base /home/quauv/auv/build/main/build install --record /home/quauv/auv/build/main/install.log --single-version-externally-managed install_data
[2.947s] running egg_info
[2.948s] writing ../../build/main/main.egg-info/PKG-INFO
[2.949s] writing dependency_links to ../../build/main/main.egg-info/dependency_links.txt
[2.949s] writing entry points to ../../build/main/main.egg-info/entry_points.txt
[2.949s] writing requirements to ../../build/main/main.egg-info/requires.txt
[2.949s] writing top-level names to ../../build/main/main.egg-info/top_level.txt
[2.952s] reading manifest file '../../build/main/main.egg-info/SOURCES.txt'
[2.953s] writing manifest file '../../build/main/main.egg-info/SOURCES.txt'
[2.954s] running build
[2.954s] running build_py
[2.954s] copying main/__init__.py -> /home/quauv/auv/build/main/build/lib/main
[2.955s] running install
[2.955s] running install_lib
[2.956s] copying /home/quauv/auv/build/main/build/lib/main/__init__.py -> /home/quauv/auv/install/main/lib/python3.10/site-packages/main
[2.958s] running install_data
[2.958s] copying resource/main -> /home/quauv/auv/install/main/share/ament_index/resource_index/packages
[2.958s] copying package.xml -> /home/quauv/auv/install/main/share/main
[2.958s] running install_egg_info
[2.960s] removing '/home/quauv/auv/install/main/lib/python3.10/site-packages/main-0.0.0-py3.10.egg-info' (and everything under it)
[2.961s] Copying ../../build/main/main.egg-info to /home/quauv/auv/install/main/lib/python3.10/site-packages/main-0.0.0-py3.10.egg-info
[2.962s] running install_scripts
[2.992s] Installing missionControl script to /home/quauv/auv/install/main/lib/main
[2.992s] Installing navigation script to /home/quauv/auv/install/main/lib/main
[2.993s] writing list of installed files to '/home/quauv/auv/build/main/install.log'
[3.057s] Invoked command in '/home/quauv/auv/src/main' returned '0': PYTHONPATH=/home/quauv/auv/build/main/prefix_override:/usr/lib/python3/dist-packages/colcon_core/task/python/colcon_distutils_commands:/home/quauv/auv/install/main/lib/python3.10/site-packages:${PYTHONPATH} /usr/bin/python3 -W ignore:setup.py install is deprecated -W ignore:easy_install command is deprecated setup.py egg_info --egg-base ../../build/main build --build-base /home/quauv/auv/build/main/build install --record /home/quauv/auv/build/main/install.log --single-version-externally-managed install_data
