[2.457s] Invoking command in '/home/quauv/auv/src/main': PYTHONPATH=/home/quauv/auv/build/main/prefix_override:/usr/lib/python3/dist-packages/colcon_core/task/python/colcon_distutils_commands:/home/quauv/auv/install/main/lib/python3.10/site-packages:${PYTHONPATH} /usr/bin/python3 -W ignore:setup.py install is deprecated -W ignore:easy_install command is deprecated setup.py egg_info --egg-base ../../build/main build --build-base /home/quauv/auv/build/main/build install --record /home/quauv/auv/build/main/install.log --single-version-externally-managed install_data
[2.860s] running egg_info
[2.862s] writing ../../build/main/main.egg-info/PKG-INFO
[2.862s] writing dependency_links to ../../build/main/main.egg-info/dependency_links.txt
[2.862s] writing entry points to ../../build/main/main.egg-info/entry_points.txt
[2.863s] writing requirements to ../../build/main/main.egg-info/requires.txt
[2.863s] writing top-level names to ../../build/main/main.egg-info/top_level.txt
[2.866s] reading manifest file '../../build/main/main.egg-info/SOURCES.txt'
[2.867s] writing manifest file '../../build/main/main.egg-info/SOURCES.txt'
[2.867s] running build
[2.867s] running build_py
[2.867s] running install
[2.868s] running install_lib
[2.870s] running install_data
[2.870s] running install_egg_info
[2.873s] removing '/home/quauv/auv/install/main/lib/python3.10/site-packages/main-0.0.0-py3.10.egg-info' (and everything under it)
[2.874s] Copying ../../build/main/main.egg-info to /home/quauv/auv/install/main/lib/python3.10/site-packages/main-0.0.0-py3.10.egg-info
[2.875s] running install_scripts
[2.906s] Installing missionControl script to /home/quauv/auv/install/main/lib/main
[2.907s] Installing navigation script to /home/quauv/auv/install/main/lib/main
[2.907s] writing list of installed files to '/home/quauv/auv/build/main/install.log'
[2.986s] Invoked command in '/home/quauv/auv/src/main' returned '0': PYTHONPATH=/home/quauv/auv/build/main/prefix_override:/usr/lib/python3/dist-packages/colcon_core/task/python/colcon_distutils_commands:/home/quauv/auv/install/main/lib/python3.10/site-packages:${PYTHONPATH} /usr/bin/python3 -W ignore:setup.py install is deprecated -W ignore:easy_install command is deprecated setup.py egg_info --egg-base ../../build/main build --build-base /home/quauv/auv/build/main/build install --record /home/quauv/auv/build/main/install.log --single-version-externally-managed install_data
