[2.552s] Invoking command in '/home/quauv/auv/src/user': PYTHONPATH=/home/quauv/auv/build/user/prefix_override:/usr/lib/python3/dist-packages/colcon_core/task/python/colcon_distutils_commands:/home/quauv/auv/install/user/lib/python3.10/site-packages:${PYTHONPATH} /usr/bin/python3 -W ignore:setup.py install is deprecated -W ignore:easy_install command is deprecated setup.py egg_info --egg-base ../../build/user build --build-base /home/quauv/auv/build/user/build install --record /home/quauv/auv/build/user/install.log --single-version-externally-managed install_data
[2.988s] running egg_info
[2.989s] writing ../../build/user/user.egg-info/PKG-INFO
[2.991s] writing dependency_links to ../../build/user/user.egg-info/dependency_links.txt
[2.991s] writing entry points to ../../build/user/user.egg-info/entry_points.txt
[2.992s] writing requirements to ../../build/user/user.egg-info/requires.txt
[2.992s] writing top-level names to ../../build/user/user.egg-info/top_level.txt
[2.994s] reading manifest file '../../build/user/user.egg-info/SOURCES.txt'
[2.995s] writing manifest file '../../build/user/user.egg-info/SOURCES.txt'
[2.995s] running build
[2.996s] running build_py
[2.996s] copying user/interface.py -> /home/quauv/auv/build/user/build/lib/user
[2.996s] running install
[2.997s] running install_lib
[3.000s] copying /home/quauv/auv/build/user/build/lib/user/interface.py -> /home/quauv/auv/install/user/lib/python3.10/site-packages/user
[3.000s] byte-compiling /home/quauv/auv/install/user/lib/python3.10/site-packages/user/interface.py to interface.cpython-310.pyc
[3.002s] running install_data
[3.002s] running install_egg_info
[3.005s] removing '/home/quauv/auv/install/user/lib/python3.10/site-packages/user-0.0.0-py3.10.egg-info' (and everything under it)
[3.006s] Copying ../../build/user/user.egg-info to /home/quauv/auv/install/user/lib/python3.10/site-packages/user-0.0.0-py3.10.egg-info
[3.007s] running install_scripts
[3.039s] Installing input script to /home/quauv/auv/install/user/lib/user
[3.039s] Installing interface script to /home/quauv/auv/install/user/lib/user
[3.040s] writing list of installed files to '/home/quauv/auv/build/user/install.log'
[3.128s] Invoked command in '/home/quauv/auv/src/user' returned '0': PYTHONPATH=/home/quauv/auv/build/user/prefix_override:/usr/lib/python3/dist-packages/colcon_core/task/python/colcon_distutils_commands:/home/quauv/auv/install/user/lib/python3.10/site-packages:${PYTHONPATH} /usr/bin/python3 -W ignore:setup.py install is deprecated -W ignore:easy_install command is deprecated setup.py egg_info --egg-base ../../build/user build --build-base /home/quauv/auv/build/user/build install --record /home/quauv/auv/build/user/install.log --single-version-externally-managed install_data
