[2.569s] Invoking command in '/home/quauv/auv/src/main': PYTHONPATH=/home/quauv/auv/build/main/prefix_override:/usr/lib/python3/dist-packages/colcon_core/task/python/colcon_distutils_commands:/home/quauv/auv/install/main/lib/python3.10/site-packages:${PYTHONPATH} /usr/bin/python3 -W ignore:setup.py install is deprecated -W ignore:easy_install command is deprecated setup.py egg_info --egg-base ../../build/main build --build-base /home/quauv/auv/build/main/build install --record /home/quauv/auv/build/main/install.log --single-version-externally-managed install_data
[2.996s] running egg_info
[2.997s] writing ../../build/main/main.egg-info/PKG-INFO
[2.997s] writing dependency_links to ../../build/main/main.egg-info/dependency_links.txt
[2.997s] writing entry points to ../../build/main/main.egg-info/entry_points.txt
[2.998s] writing requirements to ../../build/main/main.egg-info/requires.txt
[2.998s] writing top-level names to ../../build/main/main.egg-info/top_level.txt
[3.001s] reading manifest file '../../build/main/main.egg-info/SOURCES.txt'
[3.002s] writing manifest file '../../build/main/main.egg-info/SOURCES.txt'
[3.002s] running build
[3.002s] running build_py
[3.003s] running install
[3.003s] running install_lib
[3.005s] running install_data
[3.005s] running install_egg_info
[3.008s] removing '/home/quauv/auv/install/main/lib/python3.10/site-packages/main-0.0.0-py3.10.egg-info' (and everything under it)
[3.009s] Copying ../../build/main/main.egg-info to /home/quauv/auv/install/main/lib/python3.10/site-packages/main-0.0.0-py3.10.egg-info
[3.010s] running install_scripts
[3.042s] Installing missionControl script to /home/quauv/auv/install/main/lib/main
[3.043s] Installing navigation script to /home/quauv/auv/install/main/lib/main
[3.043s] writing list of installed files to '/home/quauv/auv/build/main/install.log'
[3.128s] Invoked command in '/home/quauv/auv/src/main' returned '0': PYTHONPATH=/home/quauv/auv/build/main/prefix_override:/usr/lib/python3/dist-packages/colcon_core/task/python/colcon_distutils_commands:/home/quauv/auv/install/main/lib/python3.10/site-packages:${PYTHONPATH} /usr/bin/python3 -W ignore:setup.py install is deprecated -W ignore:easy_install command is deprecated setup.py egg_info --egg-base ../../build/main build --build-base /home/quauv/auv/build/main/build install --record /home/quauv/auv/build/main/install.log --single-version-externally-managed install_data
