running egg_info
writing ../../build/control/control.egg-info/PKG-INFO
writing dependency_links to ../../build/control/control.egg-info/dependency_links.txt
writing entry points to ../../build/control/control.egg-info/entry_points.txt
writing requirements to ../../build/control/control.egg-info/requires.txt
writing top-level names to ../../build/control/control.egg-info/top_level.txt
reading manifest file '../../build/control/control.egg-info/SOURCES.txt'
writing manifest file '../../build/control/control.egg-info/SOURCES.txt'
running build
running build_py
copying control/thrusters.py -> /home/quauv/auv/build/control/build/lib/control
copying control/pid.py -> /home/quauv/auv/build/control/build/lib/control
running install
running install_lib
copying /home/quauv/auv/build/control/build/lib/control/thrusters.py -> /home/quauv/auv/install/control/lib/python3.10/site-packages/control
copying /home/quauv/auv/build/control/build/lib/control/pid.py -> /home/quauv/auv/install/control/lib/python3.10/site-packages/control
byte-compiling /home/quauv/auv/install/control/lib/python3.10/site-packages/control/thrusters.py to thrusters.cpython-310.pyc
byte-compiling /home/quauv/auv/install/control/lib/python3.10/site-packages/control/pid.py to pid.cpython-310.pyc
running install_data
running install_egg_info
removing '/home/quauv/auv/install/control/lib/python3.10/site-packages/control-0.0.0-py3.10.egg-info' (and everything under it)
Copying ../../build/control/control.egg-info to /home/quauv/auv/install/control/lib/python3.10/site-packages/control-0.0.0-py3.10.egg-info
running install_scripts
Installing thrusters script to /home/quauv/auv/install/control/lib/control
writing list of installed files to '/home/quauv/auv/build/control/install.log'
