[2.521s] Invoking command in '/home/quauv/auv/src/control': PYTHONPATH=/home/quauv/auv/build/control/prefix_override:/usr/lib/python3/dist-packages/colcon_core/task/python/colcon_distutils_commands:/home/quauv/auv/install/control/lib/python3.10/site-packages:${PYTHONPATH} /usr/bin/python3 -W ignore:setup.py install is deprecated -W ignore:easy_install command is deprecated setup.py egg_info --egg-base ../../build/control build --build-base /home/quauv/auv/build/control/build install --record /home/quauv/auv/build/control/install.log --single-version-externally-managed install_data
[2.935s] running egg_info
[2.936s] writing ../../build/control/control.egg-info/PKG-INFO
[2.936s] writing dependency_links to ../../build/control/control.egg-info/dependency_links.txt
[2.936s] writing entry points to ../../build/control/control.egg-info/entry_points.txt
[2.936s] writing requirements to ../../build/control/control.egg-info/requires.txt
[2.937s] writing top-level names to ../../build/control/control.egg-info/top_level.txt
[2.939s] reading manifest file '../../build/control/control.egg-info/SOURCES.txt'
[2.941s] writing manifest file '../../build/control/control.egg-info/SOURCES.txt'
[2.941s] running build
[2.941s] running build_py
[2.941s] copying control/thrusters.py -> /home/quauv/auv/build/control/build/lib/control
[2.942s] copying control/pid.py -> /home/quauv/auv/build/control/build/lib/control
[2.942s] running install
[2.942s] running install_lib
[2.944s] copying /home/quauv/auv/build/control/build/lib/control/thrusters.py -> /home/quauv/auv/install/control/lib/python3.10/site-packages/control
[2.944s] copying /home/quauv/auv/build/control/build/lib/control/pid.py -> /home/quauv/auv/install/control/lib/python3.10/site-packages/control
[2.945s] byte-compiling /home/quauv/auv/install/control/lib/python3.10/site-packages/control/thrusters.py to thrusters.cpython-310.pyc
[2.949s] byte-compiling /home/quauv/auv/install/control/lib/python3.10/site-packages/control/pid.py to pid.cpython-310.pyc
[2.950s] running install_data
[2.951s] running install_egg_info
[2.953s] removing '/home/quauv/auv/install/control/lib/python3.10/site-packages/control-0.0.0-py3.10.egg-info' (and everything under it)
[2.954s] Copying ../../build/control/control.egg-info to /home/quauv/auv/install/control/lib/python3.10/site-packages/control-0.0.0-py3.10.egg-info
[2.956s] running install_scripts
[2.985s] Installing thrusters script to /home/quauv/auv/install/control/lib/control
[2.986s] writing list of installed files to '/home/quauv/auv/build/control/install.log'
[3.048s] Invoked command in '/home/quauv/auv/src/control' returned '0': PYTHONPATH=/home/quauv/auv/build/control/prefix_override:/usr/lib/python3/dist-packages/colcon_core/task/python/colcon_distutils_commands:/home/quauv/auv/install/control/lib/python3.10/site-packages:${PYTHONPATH} /usr/bin/python3 -W ignore:setup.py install is deprecated -W ignore:easy_install command is deprecated setup.py egg_info --egg-base ../../build/control build --build-base /home/quauv/auv/build/control/build install --record /home/quauv/auv/build/control/install.log --single-version-externally-managed install_data
