[2.574s] Invoking command in '/home/quauv/auv/src/main': PYTHONPATH=/home/quauv/auv/build/main/prefix_override:/usr/lib/python3/dist-packages/colcon_core/task/python/colcon_distutils_commands:/home/quauv/auv/install/main/lib/python3.10/site-packages:${PYTHONPATH} /usr/bin/python3 -W ignore:setup.py install is deprecated -W ignore:easy_install command is deprecated setup.py egg_info --egg-base ../../build/main build --build-base /home/quauv/auv/build/main/build install --record /home/quauv/auv/build/main/install.log --single-version-externally-managed install_data
[2.985s] running egg_info
[2.986s] writing ../../build/main/main.egg-info/PKG-INFO
[2.986s] writing dependency_links to ../../build/main/main.egg-info/dependency_links.txt
[2.987s] writing entry points to ../../build/main/main.egg-info/entry_points.txt
[2.987s] writing requirements to ../../build/main/main.egg-info/requires.txt
[2.987s] writing top-level names to ../../build/main/main.egg-info/top_level.txt
[2.990s] reading manifest file '../../build/main/main.egg-info/SOURCES.txt'
[2.991s] writing manifest file '../../build/main/main.egg-info/SOURCES.txt'
[2.991s] running build
[2.991s] running build_py
[2.992s] copying main/__init__.py -> /home/quauv/auv/build/main/build/lib/main
[2.992s] copying main/navigation.py -> /home/quauv/auv/build/main/build/lib/main
[2.992s] copying main/missionControl.py -> /home/quauv/auv/build/main/build/lib/main
[2.993s] running install
[2.993s] running install_lib
[2.994s] copying /home/quauv/auv/build/main/build/lib/main/__init__.py -> /home/quauv/auv/install/main/lib/python3.10/site-packages/main
[2.994s] copying /home/quauv/auv/build/main/build/lib/main/navigation.py -> /home/quauv/auv/install/main/lib/python3.10/site-packages/main
[2.995s] copying /home/quauv/auv/build/main/build/lib/main/missionControl.py -> /home/quauv/auv/install/main/lib/python3.10/site-packages/main
[2.996s] byte-compiling /home/quauv/auv/install/main/lib/python3.10/site-packages/main/__init__.py to __init__.cpython-310.pyc
[2.996s] byte-compiling /home/quauv/auv/install/main/lib/python3.10/site-packages/main/navigation.py to navigation.cpython-310.pyc
[3.000s] byte-compiling /home/quauv/auv/install/main/lib/python3.10/site-packages/main/missionControl.py to missionControl.cpython-310.pyc
[3.001s] running install_data
[3.002s] copying resource/main -> /home/quauv/auv/install/main/share/ament_index/resource_index/packages
[3.002s] copying package.xml -> /home/quauv/auv/install/main/share/main
[3.002s] running install_egg_info
[3.006s] removing '/home/quauv/auv/install/main/lib/python3.10/site-packages/main-0.0.0-py3.10.egg-info' (and everything under it)
[3.006s] Copying ../../build/main/main.egg-info to /home/quauv/auv/install/main/lib/python3.10/site-packages/main-0.0.0-py3.10.egg-info
[3.007s] running install_scripts
[3.040s] Installing missionControl script to /home/quauv/auv/install/main/lib/main
[3.040s] Installing navigation script to /home/quauv/auv/install/main/lib/main
[3.040s] writing list of installed files to '/home/quauv/auv/build/main/install.log'
[3.122s] Invoked command in '/home/quauv/auv/src/main' returned '0': PYTHONPATH=/home/quauv/auv/build/main/prefix_override:/usr/lib/python3/dist-packages/colcon_core/task/python/colcon_distutils_commands:/home/quauv/auv/install/main/lib/python3.10/site-packages:${PYTHONPATH} /usr/bin/python3 -W ignore:setup.py install is deprecated -W ignore:easy_install command is deprecated setup.py egg_info --egg-base ../../build/main build --build-base /home/quauv/auv/build/main/build install --record /home/quauv/auv/build/main/install.log --single-version-externally-managed install_data
