[2.561s] Invoking command in '/home/quauv/auv/src/user': PYTHONPATH=/home/quauv/auv/build/user/prefix_override:/usr/lib/python3/dist-packages/colcon_core/task/python/colcon_distutils_commands:/home/quauv/auv/install/user/lib/python3.10/site-packages:${PYTHONPATH} /usr/bin/python3 -W ignore:setup.py install is deprecated -W ignore:easy_install command is deprecated setup.py egg_info --egg-base ../../build/user build --build-base /home/quauv/auv/build/user/build install --record /home/quauv/auv/build/user/install.log --single-version-externally-managed install_data
[2.966s] running egg_info
[2.967s] writing ../../build/user/user.egg-info/PKG-INFO
[2.967s] writing dependency_links to ../../build/user/user.egg-info/dependency_links.txt
[2.968s] writing entry points to ../../build/user/user.egg-info/entry_points.txt
[2.968s] writing requirements to ../../build/user/user.egg-info/requires.txt
[2.968s] writing top-level names to ../../build/user/user.egg-info/top_level.txt
[2.971s] reading manifest file '../../build/user/user.egg-info/SOURCES.txt'
[2.972s] writing manifest file '../../build/user/user.egg-info/SOURCES.txt'
[2.972s] running build
[2.972s] running build_py
[2.972s] running install
[2.973s] running install_lib
[2.975s] running install_data
[2.975s] running install_egg_info
[2.978s] removing '/home/quauv/auv/install/user/lib/python3.10/site-packages/user-0.0.0-py3.10.egg-info' (and everything under it)
[2.978s] Copying ../../build/user/user.egg-info to /home/quauv/auv/install/user/lib/python3.10/site-packages/user-0.0.0-py3.10.egg-info
[2.980s] running install_scripts
[3.009s] Installing input script to /home/quauv/auv/install/user/lib/user
[3.009s] Installing interface script to /home/quauv/auv/install/user/lib/user
[3.010s] writing list of installed files to '/home/quauv/auv/build/user/install.log'
[3.101s] Invoked command in '/home/quauv/auv/src/user' returned '0': PYTHONPATH=/home/quauv/auv/build/user/prefix_override:/usr/lib/python3/dist-packages/colcon_core/task/python/colcon_distutils_commands:/home/quauv/auv/install/user/lib/python3.10/site-packages:${PYTHONPATH} /usr/bin/python3 -W ignore:setup.py install is deprecated -W ignore:easy_install command is deprecated setup.py egg_info --egg-base ../../build/user build --build-base /home/quauv/auv/build/user/build install --record /home/quauv/auv/build/user/install.log --single-version-externally-managed install_data
