running egg_info
creating ../../build/main/main.egg-info
writing ../../build/main/main.egg-info/PKG-INFO
writing dependency_links to ../../build/main/main.egg-info/dependency_links.txt
writing entry points to ../../build/main/main.egg-info/entry_points.txt
writing requirements to ../../build/main/main.egg-info/requires.txt
writing top-level names to ../../build/main/main.egg-info/top_level.txt
writing manifest file '../../build/main/main.egg-info/SOURCES.txt'
reading manifest file '../../build/main/main.egg-info/SOURCES.txt'
writing manifest file '../../build/main/main.egg-info/SOURCES.txt'
running build
running build_py
creating /home/quauv/auv/build/main/build
creating /home/quauv/auv/build/main/build/lib
creating /home/quauv/auv/build/main/build/lib/main
copying main/__init__.py -> /home/quauv/auv/build/main/build/lib/main
copying main/navigation.py -> /home/quauv/auv/build/main/build/lib/main
copying main/missionControl.py -> /home/quauv/auv/build/main/build/lib/main
running install
running install_lib
creating /home/quauv/auv/install/main/lib/python3.10/site-packages/main
copying /home/quauv/auv/build/main/build/lib/main/__init__.py -> /home/quauv/auv/install/main/lib/python3.10/site-packages/main
copying /home/quauv/auv/build/main/build/lib/main/navigation.py -> /home/quauv/auv/install/main/lib/python3.10/site-packages/main
copying /home/quauv/auv/build/main/build/lib/main/missionControl.py -> /home/quauv/auv/install/main/lib/python3.10/site-packages/main
byte-compiling /home/quauv/auv/install/main/lib/python3.10/site-packages/main/__init__.py to __init__.cpython-310.pyc
byte-compiling /home/quauv/auv/install/main/lib/python3.10/site-packages/main/navigation.py to navigation.cpython-310.pyc
byte-compiling /home/quauv/auv/install/main/lib/python3.10/site-packages/main/missionControl.py to missionControl.cpython-310.pyc
running install_data
creating /home/quauv/auv/install/main/share/ament_index
creating /home/quauv/auv/install/main/share/ament_index/resource_index
creating /home/quauv/auv/install/main/share/ament_index/resource_index/packages
copying resource/main -> /home/quauv/auv/install/main/share/ament_index/resource_index/packages
copying package.xml -> /home/quauv/auv/install/main/share/main
running install_egg_info
Copying ../../build/main/main.egg-info to /home/quauv/auv/install/main/lib/python3.10/site-packages/main-0.0.0-py3.10.egg-info
running install_scripts
Installing missionControl script to /home/quauv/auv/install/main/lib/main
Installing navigation script to /home/quauv/auv/install/main/lib/main
writing list of installed files to '/home/quauv/auv/build/main/install.log'
