[0.167s] DEBUG:colcon:Command line arguments: ['/usr/bin/colcon', 'build']
[0.168s] DEBUG:colcon:Parsed command line arguments: Namespace(log_base=None, log_level=None, verb_name='build', build_base='build', install_base='install', merge_install=False, symlink_install=False, test_result_base=None, continue_on_error=False, executor='parallel', parallel_workers=12, event_handlers=None, ignore_user_meta=False, metas=['./colcon.meta'], base_paths=['.'], packages_ignore=None, packages_ignore_regex=None, paths=None, packages_up_to=None, packages_up_to_regex=None, packages_above=None, packages_above_and_dependencies=None, packages_above_depth=None, packages_select_by_dep=None, packages_skip_by_dep=None, packages_skip_up_to=None, packages_select_build_failed=False, packages_skip_build_finished=False, packages_select_test_failures=False, packages_skip_test_passed=False, packages_select=None, packages_skip=None, packages_select_regex=None, packages_skip_regex=None, packages_start=None, packages_end=None, allow_overriding=[], cmake_args=None, cmake_target=None, cmake_target_skip_unavailable=False, cmake_clean_cache=False, cmake_clean_first=False, cmake_force_configure=False, ament_cmake_args=None, catkin_cmake_args=None, catkin_skip_building_tests=False, mixin_files=None, mixin=None, verb_parser=<colcon_mixin.mixin.mixin_argument.MixinArgumentDecorator object at 0xffff8179bcd0>, verb_extension=<colcon_core.verb.build.BuildVerb object at 0xffff8179b310>, main=<bound method BuildVerb.main of <colcon_core.verb.build.BuildVerb object at 0xffff8179b310>>, mixin_verb=('build',))
[0.498s] Level 1:colcon.colcon_core.package_discovery:discover_packages(colcon_meta) check parameters
[0.498s] Level 1:colcon.colcon_core.package_discovery:discover_packages(recursive) check parameters
[0.498s] Level 1:colcon.colcon_core.package_discovery:discover_packages(ignore) check parameters
[0.498s] Level 1:colcon.colcon_core.package_discovery:discover_packages(path) check parameters
[0.498s] Level 1:colcon.colcon_core.package_discovery:discover_packages(colcon_meta) discover
[0.498s] Level 1:colcon.colcon_core.package_discovery:discover_packages(recursive) discover
[0.498s] INFO:colcon.colcon_core.package_discovery:Crawling recursively for packages in '/home/quauv/auv'
[0.499s] Level 1:colcon.colcon_core.package_identification:_identify(.) by extensions ['ignore', 'ignore_ament_install']
[0.499s] Level 1:colcon.colcon_core.package_identification:_identify(.) by extension 'ignore'
[0.499s] Level 1:colcon.colcon_core.package_identification:_identify(.) by extension 'ignore_ament_install'
[0.499s] Level 1:colcon.colcon_core.package_identification:_identify(.) by extensions ['colcon_pkg']
[0.499s] Level 1:colcon.colcon_core.package_identification:_identify(.) by extension 'colcon_pkg'
[0.499s] Level 1:colcon.colcon_core.package_identification:_identify(.) by extensions ['colcon_meta']
[0.499s] Level 1:colcon.colcon_core.package_identification:_identify(.) by extension 'colcon_meta'
[0.499s] Level 1:colcon.colcon_core.package_identification:_identify(.) by extensions ['ros']
[0.499s] Level 1:colcon.colcon_core.package_identification:_identify(.) by extension 'ros'
[0.537s] Level 1:colcon.colcon_core.package_identification:_identify(.) by extensions ['cmake', 'python']
[0.537s] Level 1:colcon.colcon_core.package_identification:_identify(.) by extension 'cmake'
[0.537s] Level 1:colcon.colcon_core.package_identification:_identify(.) by extension 'python'
[0.537s] Level 1:colcon.colcon_core.package_identification:_identify(.) by extensions ['python_setup_py']
[0.537s] Level 1:colcon.colcon_core.package_identification:_identify(.) by extension 'python_setup_py'
[0.538s] Level 1:colcon.colcon_core.package_identification:_identify(build) by extensions ['ignore', 'ignore_ament_install']
[0.538s] Level 1:colcon.colcon_core.package_identification:_identify(build) by extension 'ignore'
[0.538s] Level 1:colcon.colcon_core.package_identification:_identify(build) ignored
[0.538s] Level 1:colcon.colcon_core.package_identification:_identify(install) by extensions ['ignore', 'ignore_ament_install']
[0.538s] Level 1:colcon.colcon_core.package_identification:_identify(install) by extension 'ignore'
[0.538s] Level 1:colcon.colcon_core.package_identification:_identify(install) ignored
[0.539s] Level 1:colcon.colcon_core.package_identification:_identify(log) by extensions ['ignore', 'ignore_ament_install']
[0.539s] Level 1:colcon.colcon_core.package_identification:_identify(log) by extension 'ignore'
[0.539s] Level 1:colcon.colcon_core.package_identification:_identify(log) ignored
[0.539s] Level 1:colcon.colcon_core.package_identification:_identify(recordings) by extensions ['ignore', 'ignore_ament_install']
[0.539s] Level 1:colcon.colcon_core.package_identification:_identify(recordings) by extension 'ignore'
[0.539s] Level 1:colcon.colcon_core.package_identification:_identify(recordings) by extension 'ignore_ament_install'
[0.539s] Level 1:colcon.colcon_core.package_identification:_identify(recordings) by extensions ['colcon_pkg']
[0.539s] Level 1:colcon.colcon_core.package_identification:_identify(recordings) by extension 'colcon_pkg'
[0.539s] Level 1:colcon.colcon_core.package_identification:_identify(recordings) by extensions ['colcon_meta']
[0.539s] Level 1:colcon.colcon_core.package_identification:_identify(recordings) by extension 'colcon_meta'
[0.540s] Level 1:colcon.colcon_core.package_identification:_identify(recordings) by extensions ['ros']
[0.540s] Level 1:colcon.colcon_core.package_identification:_identify(recordings) by extension 'ros'
[0.540s] Level 1:colcon.colcon_core.package_identification:_identify(recordings) by extensions ['cmake', 'python']
[0.540s] Level 1:colcon.colcon_core.package_identification:_identify(recordings) by extension 'cmake'
[0.540s] Level 1:colcon.colcon_core.package_identification:_identify(recordings) by extension 'python'
[0.540s] Level 1:colcon.colcon_core.package_identification:_identify(recordings) by extensions ['python_setup_py']
[0.540s] Level 1:colcon.colcon_core.package_identification:_identify(recordings) by extension 'python_setup_py'
[0.540s] Level 1:colcon.colcon_core.package_identification:_identify(src) by extensions ['ignore', 'ignore_ament_install']
[0.540s] Level 1:colcon.colcon_core.package_identification:_identify(src) by extension 'ignore'
[0.540s] Level 1:colcon.colcon_core.package_identification:_identify(src) by extension 'ignore_ament_install'
[0.540s] Level 1:colcon.colcon_core.package_identification:_identify(src) by extensions ['colcon_pkg']
[0.541s] Level 1:colcon.colcon_core.package_identification:_identify(src) by extension 'colcon_pkg'
[0.541s] Level 1:colcon.colcon_core.package_identification:_identify(src) by extensions ['colcon_meta']
[0.541s] Level 1:colcon.colcon_core.package_identification:_identify(src) by extension 'colcon_meta'
[0.541s] Level 1:colcon.colcon_core.package_identification:_identify(src) by extensions ['ros']
[0.541s] Level 1:colcon.colcon_core.package_identification:_identify(src) by extension 'ros'
[0.541s] Level 1:colcon.colcon_core.package_identification:_identify(src) by extensions ['cmake', 'python']
[0.541s] Level 1:colcon.colcon_core.package_identification:_identify(src) by extension 'cmake'
[0.541s] Level 1:colcon.colcon_core.package_identification:_identify(src) by extension 'python'
[0.541s] Level 1:colcon.colcon_core.package_identification:_identify(src) by extensions ['python_setup_py']
[0.541s] Level 1:colcon.colcon_core.package_identification:_identify(src) by extension 'python_setup_py'
[0.541s] Level 1:colcon.colcon_core.package_identification:_identify(src/control) by extensions ['ignore', 'ignore_ament_install']
[0.541s] Level 1:colcon.colcon_core.package_identification:_identify(src/control) by extension 'ignore'
[0.542s] Level 1:colcon.colcon_core.package_identification:_identify(src/control) by extension 'ignore_ament_install'
[0.542s] Level 1:colcon.colcon_core.package_identification:_identify(src/control) by extensions ['colcon_pkg']
[0.542s] Level 1:colcon.colcon_core.package_identification:_identify(src/control) by extension 'colcon_pkg'
[0.542s] Level 1:colcon.colcon_core.package_identification:_identify(src/control) by extensions ['colcon_meta']
[0.542s] Level 1:colcon.colcon_core.package_identification:_identify(src/control) by extension 'colcon_meta'
[0.542s] Level 1:colcon.colcon_core.package_identification:_identify(src/control) by extensions ['ros']
[0.542s] Level 1:colcon.colcon_core.package_identification:_identify(src/control) by extension 'ros'
[0.546s] DEBUG:colcon.colcon_core.package_identification:Package 'src/control' with type 'ros.ament_python' and name 'control'
[0.546s] Level 1:colcon.colcon_core.package_identification:_identify(src/main) by extensions ['ignore', 'ignore_ament_install']
[0.546s] Level 1:colcon.colcon_core.package_identification:_identify(src/main) by extension 'ignore'
[0.546s] Level 1:colcon.colcon_core.package_identification:_identify(src/main) by extension 'ignore_ament_install'
[0.546s] Level 1:colcon.colcon_core.package_identification:_identify(src/main) by extensions ['colcon_pkg']
[0.547s] Level 1:colcon.colcon_core.package_identification:_identify(src/main) by extension 'colcon_pkg'
[0.547s] Level 1:colcon.colcon_core.package_identification:_identify(src/main) by extensions ['colcon_meta']
[0.547s] Level 1:colcon.colcon_core.package_identification:_identify(src/main) by extension 'colcon_meta'
[0.547s] Level 1:colcon.colcon_core.package_identification:_identify(src/main) by extensions ['ros']
[0.547s] Level 1:colcon.colcon_core.package_identification:_identify(src/main) by extension 'ros'
[0.548s] DEBUG:colcon.colcon_core.package_identification:Package 'src/main' with type 'ros.ament_python' and name 'main'
[0.548s] Level 1:colcon.colcon_core.package_identification:_identify(src/sensors) by extensions ['ignore', 'ignore_ament_install']
[0.548s] Level 1:colcon.colcon_core.package_identification:_identify(src/sensors) by extension 'ignore'
[0.548s] Level 1:colcon.colcon_core.package_identification:_identify(src/sensors) by extension 'ignore_ament_install'
[0.549s] Level 1:colcon.colcon_core.package_identification:_identify(src/sensors) by extensions ['colcon_pkg']
[0.549s] Level 1:colcon.colcon_core.package_identification:_identify(src/sensors) by extension 'colcon_pkg'
[0.549s] Level 1:colcon.colcon_core.package_identification:_identify(src/sensors) by extensions ['colcon_meta']
[0.549s] Level 1:colcon.colcon_core.package_identification:_identify(src/sensors) by extension 'colcon_meta'
[0.549s] Level 1:colcon.colcon_core.package_identification:_identify(src/sensors) by extensions ['ros']
[0.549s] Level 1:colcon.colcon_core.package_identification:_identify(src/sensors) by extension 'ros'
[0.550s] DEBUG:colcon.colcon_core.package_identification:Package 'src/sensors' with type 'ros.ament_python' and name 'sensors'
[0.550s] Level 1:colcon.colcon_core.package_identification:_identify(src/user) by extensions ['ignore', 'ignore_ament_install']
[0.550s] Level 1:colcon.colcon_core.package_identification:_identify(src/user) by extension 'ignore'
[0.550s] Level 1:colcon.colcon_core.package_identification:_identify(src/user) by extension 'ignore_ament_install'
[0.550s] Level 1:colcon.colcon_core.package_identification:_identify(src/user) by extensions ['colcon_pkg']
[0.550s] Level 1:colcon.colcon_core.package_identification:_identify(src/user) by extension 'colcon_pkg'
[0.551s] Level 1:colcon.colcon_core.package_identification:_identify(src/user) by extensions ['colcon_meta']
[0.551s] Level 1:colcon.colcon_core.package_identification:_identify(src/user) by extension 'colcon_meta'
[0.551s] Level 1:colcon.colcon_core.package_identification:_identify(src/user) by extensions ['ros']
[0.551s] Level 1:colcon.colcon_core.package_identification:_identify(src/user) by extension 'ros'
[0.552s] DEBUG:colcon.colcon_core.package_identification:Package 'src/user' with type 'ros.ament_python' and name 'user'
[0.552s] Level 1:colcon.colcon_core.package_discovery:discover_packages(recursive) using defaults
[0.552s] Level 1:colcon.colcon_core.package_discovery:discover_packages(ignore) discover
[0.552s] Level 1:colcon.colcon_core.package_discovery:discover_packages(ignore) using defaults
[0.552s] Level 1:colcon.colcon_core.package_discovery:discover_packages(path) discover
[0.552s] Level 1:colcon.colcon_core.package_discovery:discover_packages(path) using defaults
[0.582s] Level 1:colcon.colcon_core.package_discovery:discover_packages(prefix_path) check parameters
[0.582s] Level 1:colcon.colcon_core.package_discovery:discover_packages(prefix_path) discover
[0.587s] DEBUG:colcon.colcon_installed_package_information.package_discovery:Found 4 installed packages in /home/quauv/auv/install
[0.588s] DEBUG:colcon.colcon_installed_package_information.package_discovery:Found 2 installed packages in /home/quauv/prequalAuv/install
[0.590s] DEBUG:colcon.colcon_installed_package_information.package_discovery:Found 310 installed packages in /opt/ros/humble
[0.592s] Level 1:colcon.colcon_core.package_discovery:discover_packages(prefix_path) using defaults
[0.648s] Level 5:colcon.colcon_core.verb:set package 'control' build argument 'cmake_args' from command line to 'None'
[0.648s] Level 5:colcon.colcon_core.verb:set package 'control' build argument 'cmake_target' from command line to 'None'
[0.648s] Level 5:colcon.colcon_core.verb:set package 'control' build argument 'cmake_target_skip_unavailable' from command line to 'False'
[0.649s] Level 5:colcon.colcon_core.verb:set package 'control' build argument 'cmake_clean_cache' from command line to 'False'
[0.649s] Level 5:colcon.colcon_core.verb:set package 'control' build argument 'cmake_clean_first' from command line to 'False'
[0.649s] Level 5:colcon.colcon_core.verb:set package 'control' build argument 'cmake_force_configure' from command line to 'False'
[0.649s] Level 5:colcon.colcon_core.verb:set package 'control' build argument 'ament_cmake_args' from command line to 'None'
[0.649s] Level 5:colcon.colcon_core.verb:set package 'control' build argument 'catkin_cmake_args' from command line to 'None'
[0.649s] Level 5:colcon.colcon_core.verb:set package 'control' build argument 'catkin_skip_building_tests' from command line to 'False'
[0.649s] DEBUG:colcon.colcon_core.verb:Building package 'control' with the following arguments: {'ament_cmake_args': None, 'build_base': '/home/quauv/auv/build/control', 'catkin_cmake_args': None, 'catkin_skip_building_tests': False, 'cmake_args': None, 'cmake_clean_cache': False, 'cmake_clean_first': False, 'cmake_force_configure': False, 'cmake_target': None, 'cmake_target_skip_unavailable': False, 'install_base': '/home/quauv/auv/install/control', 'merge_install': False, 'path': '/home/quauv/auv/src/control', 'symlink_install': False, 'test_result_base': None}
[0.649s] Level 5:colcon.colcon_core.verb:set package 'main' build argument 'cmake_args' from command line to 'None'
[0.649s] Level 5:colcon.colcon_core.verb:set package 'main' build argument 'cmake_target' from command line to 'None'
[0.649s] Level 5:colcon.colcon_core.verb:set package 'main' build argument 'cmake_target_skip_unavailable' from command line to 'False'
[0.650s] Level 5:colcon.colcon_core.verb:set package 'main' build argument 'cmake_clean_cache' from command line to 'False'
[0.650s] Level 5:colcon.colcon_core.verb:set package 'main' build argument 'cmake_clean_first' from command line to 'False'
[0.650s] Level 5:colcon.colcon_core.verb:set package 'main' build argument 'cmake_force_configure' from command line to 'False'
[0.650s] Level 5:colcon.colcon_core.verb:set package 'main' build argument 'ament_cmake_args' from command line to 'None'
[0.650s] Level 5:colcon.colcon_core.verb:set package 'main' build argument 'catkin_cmake_args' from command line to 'None'
[0.650s] Level 5:colcon.colcon_core.verb:set package 'main' build argument 'catkin_skip_building_tests' from command line to 'False'
[0.650s] DEBUG:colcon.colcon_core.verb:Building package 'main' with the following arguments: {'ament_cmake_args': None, 'build_base': '/home/quauv/auv/build/main', 'catkin_cmake_args': None, 'catkin_skip_building_tests': False, 'cmake_args': None, 'cmake_clean_cache': False, 'cmake_clean_first': False, 'cmake_force_configure': False, 'cmake_target': None, 'cmake_target_skip_unavailable': False, 'install_base': '/home/quauv/auv/install/main', 'merge_install': False, 'path': '/home/quauv/auv/src/main', 'symlink_install': False, 'test_result_base': None}
[0.650s] Level 5:colcon.colcon_core.verb:set package 'sensors' build argument 'cmake_args' from command line to 'None'
[0.650s] Level 5:colcon.colcon_core.verb:set package 'sensors' build argument 'cmake_target' from command line to 'None'
[0.650s] Level 5:colcon.colcon_core.verb:set package 'sensors' build argument 'cmake_target_skip_unavailable' from command line to 'False'
[0.650s] Level 5:colcon.colcon_core.verb:set package 'sensors' build argument 'cmake_clean_cache' from command line to 'False'
[0.650s] Level 5:colcon.colcon_core.verb:set package 'sensors' build argument 'cmake_clean_first' from command line to 'False'
[0.650s] Level 5:colcon.colcon_core.verb:set package 'sensors' build argument 'cmake_force_configure' from command line to 'False'
[0.650s] Level 5:colcon.colcon_core.verb:set package 'sensors' build argument 'ament_cmake_args' from command line to 'None'
[0.651s] Level 5:colcon.colcon_core.verb:set package 'sensors' build argument 'catkin_cmake_args' from command line to 'None'
[0.651s] Level 5:colcon.colcon_core.verb:set package 'sensors' build argument 'catkin_skip_building_tests' from command line to 'False'
[0.651s] DEBUG:colcon.colcon_core.verb:Building package 'sensors' with the following arguments: {'ament_cmake_args': None, 'build_base': '/home/quauv/auv/build/sensors', 'catkin_cmake_args': None, 'catkin_skip_building_tests': False, 'cmake_args': None, 'cmake_clean_cache': False, 'cmake_clean_first': False, 'cmake_force_configure': False, 'cmake_target': None, 'cmake_target_skip_unavailable': False, 'install_base': '/home/quauv/auv/install/sensors', 'merge_install': False, 'path': '/home/quauv/auv/src/sensors', 'symlink_install': False, 'test_result_base': None}
[0.651s] Level 5:colcon.colcon_core.verb:set package 'user' build argument 'cmake_args' from command line to 'None'
[0.651s] Level 5:colcon.colcon_core.verb:set package 'user' build argument 'cmake_target' from command line to 'None'
[0.651s] Level 5:colcon.colcon_core.verb:set package 'user' build argument 'cmake_target_skip_unavailable' from command line to 'False'
[0.651s] Level 5:colcon.colcon_core.verb:set package 'user' build argument 'cmake_clean_cache' from command line to 'False'
[0.651s] Level 5:colcon.colcon_core.verb:set package 'user' build argument 'cmake_clean_first' from command line to 'False'
[0.651s] Level 5:colcon.colcon_core.verb:set package 'user' build argument 'cmake_force_configure' from command line to 'False'
[0.651s] Level 5:colcon.colcon_core.verb:set package 'user' build argument 'ament_cmake_args' from command line to 'None'
[0.651s] Level 5:colcon.colcon_core.verb:set package 'user' build argument 'catkin_cmake_args' from command line to 'None'
[0.651s] Level 5:colcon.colcon_core.verb:set package 'user' build argument 'catkin_skip_building_tests' from command line to 'False'
[0.651s] DEBUG:colcon.colcon_core.verb:Building package 'user' with the following arguments: {'ament_cmake_args': None, 'build_base': '/home/quauv/auv/build/user', 'catkin_cmake_args': None, 'catkin_skip_building_tests': False, 'cmake_args': None, 'cmake_clean_cache': False, 'cmake_clean_first': False, 'cmake_force_configure': False, 'cmake_target': None, 'cmake_target_skip_unavailable': False, 'install_base': '/home/quauv/auv/install/user', 'merge_install': False, 'path': '/home/quauv/auv/src/user', 'symlink_install': False, 'test_result_base': None}
[0.652s] INFO:colcon.colcon_core.executor:Executing jobs using 'parallel' executor
[0.653s] DEBUG:colcon.colcon_parallel_executor.executor.parallel:run_until_complete
[0.654s] INFO:colcon.colcon_ros.task.ament_python.build:Building ROS package in '/home/quauv/auv/src/control' with build type 'ament_python'
[0.654s] Level 1:colcon.colcon_core.shell:create_environment_hook('control', 'ament_prefix_path')
[0.657s] INFO:colcon.colcon_core.plugin_system:Skipping extension 'colcon_core.shell.bat': Not used on non-Windows systems
[0.658s] INFO:colcon.colcon_core.shell:Creating environment hook '/home/quauv/auv/install/control/share/control/hook/ament_prefix_path.ps1'
[0.659s] INFO:colcon.colcon_core.shell:Creating environment descriptor '/home/quauv/auv/install/control/share/control/hook/ament_prefix_path.dsv'
[0.660s] INFO:colcon.colcon_core.shell:Creating environment hook '/home/quauv/auv/install/control/share/control/hook/ament_prefix_path.sh'
[0.661s] INFO:colcon.colcon_core.shell:Skip shell extension 'powershell' for command environment: Not usable outside of PowerShell
[0.661s] DEBUG:colcon.colcon_core.shell:Skip shell extension 'dsv' for command environment
[0.667s] INFO:colcon.colcon_ros.task.ament_python.build:Building ROS package in '/home/quauv/auv/src/main' with build type 'ament_python'
[0.667s] Level 1:colcon.colcon_core.shell:create_environment_hook('main', 'ament_prefix_path')
[0.667s] INFO:colcon.colcon_core.shell:Creating environment hook '/home/quauv/auv/install/main/share/main/hook/ament_prefix_path.ps1'
[0.668s] INFO:colcon.colcon_core.shell:Creating environment descriptor '/home/quauv/auv/install/main/share/main/hook/ament_prefix_path.dsv'
[0.669s] INFO:colcon.colcon_core.shell:Creating environment hook '/home/quauv/auv/install/main/share/main/hook/ament_prefix_path.sh'
[0.670s] INFO:colcon.colcon_core.shell:Skip shell extension 'powershell' for command environment: Not usable outside of PowerShell
[0.670s] DEBUG:colcon.colcon_core.shell:Skip shell extension 'dsv' for command environment
[0.674s] INFO:colcon.colcon_ros.task.ament_python.build:Building ROS package in '/home/quauv/auv/src/sensors' with build type 'ament_python'
[0.675s] Level 1:colcon.colcon_core.shell:create_environment_hook('sensors', 'ament_prefix_path')
[0.675s] INFO:colcon.colcon_core.shell:Creating environment hook '/home/quauv/auv/install/sensors/share/sensors/hook/ament_prefix_path.ps1'
[0.676s] INFO:colcon.colcon_core.shell:Creating environment descriptor '/home/quauv/auv/install/sensors/share/sensors/hook/ament_prefix_path.dsv'
[0.677s] INFO:colcon.colcon_core.shell:Creating environment hook '/home/quauv/auv/install/sensors/share/sensors/hook/ament_prefix_path.sh'
[0.677s] INFO:colcon.colcon_core.shell:Skip shell extension 'powershell' for command environment: Not usable outside of PowerShell
[0.678s] DEBUG:colcon.colcon_core.shell:Skip shell extension 'dsv' for command environment
[0.682s] INFO:colcon.colcon_ros.task.ament_python.build:Building ROS package in '/home/quauv/auv/src/user' with build type 'ament_python'
[0.682s] Level 1:colcon.colcon_core.shell:create_environment_hook('user', 'ament_prefix_path')
[0.683s] INFO:colcon.colcon_core.shell:Creating environment hook '/home/quauv/auv/install/user/share/user/hook/ament_prefix_path.ps1'
[0.683s] INFO:colcon.colcon_core.shell:Creating environment descriptor '/home/quauv/auv/install/user/share/user/hook/ament_prefix_path.dsv'
[0.684s] INFO:colcon.colcon_core.shell:Creating environment hook '/home/quauv/auv/install/user/share/user/hook/ament_prefix_path.sh'
[0.685s] INFO:colcon.colcon_core.shell:Skip shell extension 'powershell' for command environment: Not usable outside of PowerShell
[0.685s] DEBUG:colcon.colcon_core.shell:Skip shell extension 'dsv' for command environment
[1.143s] INFO:colcon.colcon_core.task.python.build:Building Python package in '/home/quauv/auv/src/control'
[1.143s] INFO:colcon.colcon_core.shell:Skip shell extension 'powershell' for command environment: Not usable outside of PowerShell
[1.143s] DEBUG:colcon.colcon_core.shell:Skip shell extension 'dsv' for command environment
[1.634s] INFO:colcon.colcon_core.task.python.build:Building Python package in '/home/quauv/auv/src/main'
[1.635s] INFO:colcon.colcon_core.shell:Skip shell extension 'powershell' for command environment: Not usable outside of PowerShell
[1.635s] DEBUG:colcon.colcon_core.shell:Skip shell extension 'dsv' for command environment
[2.124s] INFO:colcon.colcon_core.task.python.build:Building Python package in '/home/quauv/auv/src/sensors'
[2.124s] INFO:colcon.colcon_core.shell:Skip shell extension 'powershell' for command environment: Not usable outside of PowerShell
[2.125s] DEBUG:colcon.colcon_core.shell:Skip shell extension 'dsv' for command environment
[2.578s] INFO:colcon.colcon_core.task.python.build:Building Python package in '/home/quauv/auv/src/user'
[2.579s] INFO:colcon.colcon_core.shell:Skip shell extension 'powershell' for command environment: Not usable outside of PowerShell
[2.579s] DEBUG:colcon.colcon_core.shell:Skip shell extension 'dsv' for command environment
[3.217s] DEBUG:colcon.colcon_core.event_handler.log_command:Invoking command in '/home/quauv/auv/src/main': PYTHONPATH=/home/quauv/auv/build/main/prefix_override:/usr/lib/python3/dist-packages/colcon_core/task/python/colcon_distutils_commands:/home/quauv/auv/install/main/lib/python3.10/site-packages:${PYTHONPATH} /usr/bin/python3 -W ignore:setup.py install is deprecated -W ignore:easy_install command is deprecated setup.py egg_info --egg-base ../../build/main build --build-base /home/quauv/auv/build/main/build install --record /home/quauv/auv/build/main/install.log --single-version-externally-managed install_data
[3.225s] DEBUG:colcon.colcon_core.event_handler.log_command:Invoking command in '/home/quauv/auv/src/sensors': PYTHONPATH=/home/quauv/auv/build/sensors/prefix_override:/usr/lib/python3/dist-packages/colcon_core/task/python/colcon_distutils_commands:/home/quauv/auv/install/sensors/lib/python3.10/site-packages:${PYTHONPATH} /usr/bin/python3 -W ignore:setup.py install is deprecated -W ignore:easy_install command is deprecated setup.py egg_info --egg-base ../../build/sensors build --build-base /home/quauv/auv/build/sensors/build install --record /home/quauv/auv/build/sensors/install.log --single-version-externally-managed install_data
[3.235s] DEBUG:colcon.colcon_core.event_handler.log_command:Invoking command in '/home/quauv/auv/src/control': PYTHONPATH=/home/quauv/auv/build/control/prefix_override:/usr/lib/python3/dist-packages/colcon_core/task/python/colcon_distutils_commands:/home/quauv/auv/install/control/lib/python3.10/site-packages:${PYTHONPATH} /usr/bin/python3 -W ignore:setup.py install is deprecated -W ignore:easy_install command is deprecated setup.py egg_info --egg-base ../../build/control build --build-base /home/quauv/auv/build/control/build install --record /home/quauv/auv/build/control/install.log --single-version-externally-managed install_data
[3.243s] DEBUG:colcon.colcon_core.event_handler.log_command:Invoking command in '/home/quauv/auv/src/user': PYTHONPATH=/home/quauv/auv/build/user/prefix_override:/usr/lib/python3/dist-packages/colcon_core/task/python/colcon_distutils_commands:/home/quauv/auv/install/user/lib/python3.10/site-packages:${PYTHONPATH} /usr/bin/python3 -W ignore:setup.py install is deprecated -W ignore:easy_install command is deprecated setup.py egg_info --egg-base ../../build/user build --build-base /home/quauv/auv/build/user/build install --record /home/quauv/auv/build/user/install.log --single-version-externally-managed install_data
[3.745s] DEBUG:colcon.colcon_core.event_handler.log_command:Invoked command in '/home/quauv/auv/src/main' returned '0': PYTHONPATH=/home/quauv/auv/build/main/prefix_override:/usr/lib/python3/dist-packages/colcon_core/task/python/colcon_distutils_commands:/home/quauv/auv/install/main/lib/python3.10/site-packages:${PYTHONPATH} /usr/bin/python3 -W ignore:setup.py install is deprecated -W ignore:easy_install command is deprecated setup.py egg_info --egg-base ../../build/main build --build-base /home/quauv/auv/build/main/build install --record /home/quauv/auv/build/main/install.log --single-version-externally-managed install_data
[3.751s] Level 1:colcon.colcon_core.environment:checking '/home/quauv/auv/install/main' for CMake module files
[3.752s] Level 1:colcon.colcon_core.environment:checking '/home/quauv/auv/install/main' for CMake config files
[3.754s] Level 1:colcon.colcon_core.environment:checking '/home/quauv/auv/install/main/lib'
[3.755s] Level 1:colcon.colcon_core.environment:checking '/home/quauv/auv/install/main/bin'
[3.755s] Level 1:colcon.colcon_core.environment:checking '/home/quauv/auv/install/main/lib/pkgconfig/main.pc'
[3.756s] Level 1:colcon.colcon_core.environment:checking '/home/quauv/auv/install/main/lib/python3.10/site-packages'
[3.756s] Level 1:colcon.colcon_core.shell:create_environment_hook('main', 'pythonpath')
[3.757s] INFO:colcon.colcon_core.shell:Creating environment hook '/home/quauv/auv/install/main/share/main/hook/pythonpath.ps1'
[3.759s] INFO:colcon.colcon_core.shell:Creating environment descriptor '/home/quauv/auv/install/main/share/main/hook/pythonpath.dsv'
[3.760s] INFO:colcon.colcon_core.shell:Creating environment hook '/home/quauv/auv/install/main/share/main/hook/pythonpath.sh'
[3.762s] Level 1:colcon.colcon_core.environment:checking '/home/quauv/auv/install/main/bin'
[3.762s] Level 1:colcon.colcon_core.environment:create_environment_scripts_only(main)
[3.764s] INFO:colcon.colcon_core.shell:Creating package script '/home/quauv/auv/install/main/share/main/package.ps1'
[3.767s] INFO:colcon.colcon_core.shell:Creating package descriptor '/home/quauv/auv/install/main/share/main/package.dsv'
[3.770s] INFO:colcon.colcon_core.shell:Creating package script '/home/quauv/auv/install/main/share/main/package.sh'
[3.773s] INFO:colcon.colcon_core.shell:Creating package script '/home/quauv/auv/install/main/share/main/package.bash'
[3.776s] INFO:colcon.colcon_core.shell:Creating package script '/home/quauv/auv/install/main/share/main/package.zsh'
[3.778s] Level 1:colcon.colcon_core.environment:create_file_with_runtime_dependencies(/home/quauv/auv/install/main/share/colcon-core/packages/main)
[3.782s] Level 1:colcon.colcon_core.environment:checking '/home/quauv/auv/install/user' for CMake module files
[3.783s] DEBUG:colcon.colcon_core.event_handler.log_command:Invoked command in '/home/quauv/auv/src/user' returned '0': PYTHONPATH=/home/quauv/auv/build/user/prefix_override:/usr/lib/python3/dist-packages/colcon_core/task/python/colcon_distutils_commands:/home/quauv/auv/install/user/lib/python3.10/site-packages:${PYTHONPATH} /usr/bin/python3 -W ignore:setup.py install is deprecated -W ignore:easy_install command is deprecated setup.py egg_info --egg-base ../../build/user build --build-base /home/quauv/auv/build/user/build install --record /home/quauv/auv/build/user/install.log --single-version-externally-managed install_data
[3.784s] Level 1:colcon.colcon_core.environment:checking '/home/quauv/auv/install/user' for CMake config files
[3.785s] Level 1:colcon.colcon_core.environment:checking '/home/quauv/auv/install/user/lib'
[3.785s] Level 1:colcon.colcon_core.environment:checking '/home/quauv/auv/install/user/bin'
[3.785s] Level 1:colcon.colcon_core.environment:checking '/home/quauv/auv/install/user/lib/pkgconfig/user.pc'
[3.786s] Level 1:colcon.colcon_core.environment:checking '/home/quauv/auv/install/user/lib/python3.10/site-packages'
[3.786s] Level 1:colcon.colcon_core.shell:create_environment_hook('user', 'pythonpath')
[3.787s] INFO:colcon.colcon_core.shell:Creating environment hook '/home/quauv/auv/install/user/share/user/hook/pythonpath.ps1'
[3.788s] INFO:colcon.colcon_core.shell:Creating environment descriptor '/home/quauv/auv/install/user/share/user/hook/pythonpath.dsv'
[3.789s] INFO:colcon.colcon_core.shell:Creating environment hook '/home/quauv/auv/install/user/share/user/hook/pythonpath.sh'
[3.792s] Level 1:colcon.colcon_core.environment:checking '/home/quauv/auv/install/user/bin'
[3.792s] Level 1:colcon.colcon_core.environment:create_environment_scripts_only(user)
[3.793s] INFO:colcon.colcon_core.shell:Creating package script '/home/quauv/auv/install/user/share/user/package.ps1'
[3.795s] INFO:colcon.colcon_core.shell:Creating package descriptor '/home/quauv/auv/install/user/share/user/package.dsv'
[3.796s] INFO:colcon.colcon_core.shell:Creating package script '/home/quauv/auv/install/user/share/user/package.sh'
[3.798s] INFO:colcon.colcon_core.shell:Creating package script '/home/quauv/auv/install/user/share/user/package.bash'
[3.799s] INFO:colcon.colcon_core.shell:Creating package script '/home/quauv/auv/install/user/share/user/package.zsh'
[3.800s] Level 1:colcon.colcon_core.environment:create_file_with_runtime_dependencies(/home/quauv/auv/install/user/share/colcon-core/packages/user)
[3.802s] Level 1:colcon.colcon_core.environment:checking '/home/quauv/auv/install/sensors' for CMake module files
[3.805s] Level 1:colcon.colcon_core.environment:checking '/home/quauv/auv/install/sensors' for CMake config files
[3.805s] DEBUG:colcon.colcon_core.event_handler.log_command:Invoked command in '/home/quauv/auv/src/sensors' returned '0': PYTHONPATH=/home/quauv/auv/build/sensors/prefix_override:/usr/lib/python3/dist-packages/colcon_core/task/python/colcon_distutils_commands:/home/quauv/auv/install/sensors/lib/python3.10/site-packages:${PYTHONPATH} /usr/bin/python3 -W ignore:setup.py install is deprecated -W ignore:easy_install command is deprecated setup.py egg_info --egg-base ../../build/sensors build --build-base /home/quauv/auv/build/sensors/build install --record /home/quauv/auv/build/sensors/install.log --single-version-externally-managed install_data
[3.807s] Level 1:colcon.colcon_core.environment:checking '/home/quauv/auv/install/sensors/lib'
[3.808s] Level 1:colcon.colcon_core.environment:checking '/home/quauv/auv/install/sensors/bin'
[3.808s] Level 1:colcon.colcon_core.environment:checking '/home/quauv/auv/install/sensors/lib/pkgconfig/sensors.pc'
[3.809s] Level 1:colcon.colcon_core.environment:checking '/home/quauv/auv/install/sensors/lib/python3.10/site-packages'
[3.809s] Level 1:colcon.colcon_core.shell:create_environment_hook('sensors', 'pythonpath')
[3.810s] INFO:colcon.colcon_core.shell:Creating environment hook '/home/quauv/auv/install/sensors/share/sensors/hook/pythonpath.ps1'
[3.812s] INFO:colcon.colcon_core.shell:Creating environment descriptor '/home/quauv/auv/install/sensors/share/sensors/hook/pythonpath.dsv'
[3.813s] INFO:colcon.colcon_core.shell:Creating environment hook '/home/quauv/auv/install/sensors/share/sensors/hook/pythonpath.sh'
[3.815s] Level 1:colcon.colcon_core.environment:checking '/home/quauv/auv/install/sensors/bin'
[3.815s] Level 1:colcon.colcon_core.environment:create_environment_scripts_only(sensors)
[3.816s] INFO:colcon.colcon_core.shell:Creating package script '/home/quauv/auv/install/sensors/share/sensors/package.ps1'
[3.818s] INFO:colcon.colcon_core.shell:Creating package descriptor '/home/quauv/auv/install/sensors/share/sensors/package.dsv'
[3.819s] INFO:colcon.colcon_core.shell:Creating package script '/home/quauv/auv/install/sensors/share/sensors/package.sh'
[3.821s] INFO:colcon.colcon_core.shell:Creating package script '/home/quauv/auv/install/sensors/share/sensors/package.bash'
[3.822s] INFO:colcon.colcon_core.shell:Creating package script '/home/quauv/auv/install/sensors/share/sensors/package.zsh'
[3.823s] Level 1:colcon.colcon_core.environment:create_file_with_runtime_dependencies(/home/quauv/auv/install/sensors/share/colcon-core/packages/sensors)
[3.825s] Level 1:colcon.colcon_core.environment:checking '/home/quauv/auv/install/control' for CMake module files
[3.826s] Level 1:colcon.colcon_core.environment:checking '/home/quauv/auv/install/control' for CMake config files
[3.829s] DEBUG:colcon.colcon_core.event_handler.log_command:Invoked command in '/home/quauv/auv/src/control' returned '0': PYTHONPATH=/home/quauv/auv/build/control/prefix_override:/usr/lib/python3/dist-packages/colcon_core/task/python/colcon_distutils_commands:/home/quauv/auv/install/control/lib/python3.10/site-packages:${PYTHONPATH} /usr/bin/python3 -W ignore:setup.py install is deprecated -W ignore:easy_install command is deprecated setup.py egg_info --egg-base ../../build/control build --build-base /home/quauv/auv/build/control/build install --record /home/quauv/auv/build/control/install.log --single-version-externally-managed install_data
[3.830s] Level 1:colcon.colcon_core.environment:checking '/home/quauv/auv/install/control/lib'
[3.830s] Level 1:colcon.colcon_core.environment:checking '/home/quauv/auv/install/control/bin'
[3.830s] Level 1:colcon.colcon_core.environment:checking '/home/quauv/auv/install/control/lib/pkgconfig/control.pc'
[3.831s] Level 1:colcon.colcon_core.environment:checking '/home/quauv/auv/install/control/lib/python3.10/site-packages'
[3.831s] Level 1:colcon.colcon_core.shell:create_environment_hook('control', 'pythonpath')
[3.832s] INFO:colcon.colcon_core.shell:Creating environment hook '/home/quauv/auv/install/control/share/control/hook/pythonpath.ps1'
[3.834s] INFO:colcon.colcon_core.shell:Creating environment descriptor '/home/quauv/auv/install/control/share/control/hook/pythonpath.dsv'
[3.835s] INFO:colcon.colcon_core.shell:Creating environment hook '/home/quauv/auv/install/control/share/control/hook/pythonpath.sh'
[3.837s] Level 1:colcon.colcon_core.environment:checking '/home/quauv/auv/install/control/bin'
[3.837s] Level 1:colcon.colcon_core.environment:create_environment_scripts_only(control)
[3.838s] INFO:colcon.colcon_core.shell:Creating package script '/home/quauv/auv/install/control/share/control/package.ps1'
[3.840s] INFO:colcon.colcon_core.shell:Creating package descriptor '/home/quauv/auv/install/control/share/control/package.dsv'
[3.841s] INFO:colcon.colcon_core.shell:Creating package script '/home/quauv/auv/install/control/share/control/package.sh'
[3.842s] INFO:colcon.colcon_core.shell:Creating package script '/home/quauv/auv/install/control/share/control/package.bash'
[3.844s] INFO:colcon.colcon_core.shell:Creating package script '/home/quauv/auv/install/control/share/control/package.zsh'
[3.845s] Level 1:colcon.colcon_core.environment:create_file_with_runtime_dependencies(/home/quauv/auv/install/control/share/colcon-core/packages/control)
[3.846s] DEBUG:colcon.colcon_parallel_executor.executor.parallel:closing loop
[3.846s] DEBUG:colcon.colcon_parallel_executor.executor.parallel:loop closed
[3.846s] DEBUG:colcon.colcon_parallel_executor.executor.parallel:run_until_complete finished with '0'
[3.847s] DEBUG:colcon.colcon_core.event_reactor:joining thread
[3.865s] INFO:colcon.colcon_core.plugin_system:Skipping extension 'colcon_notification.desktop_notification.terminal_notifier': Not used on non-Darwin systems
[3.865s] INFO:colcon.colcon_core.plugin_system:Skipping extension 'colcon_notification.desktop_notification.win32': Not used on non-Windows systems
[3.865s] INFO:colcon.colcon_notification.desktop_notification:Sending desktop notification using 'notify2'
[3.901s] DEBUG:colcon.colcon_core.event_reactor:joined thread
[3.902s] INFO:colcon.colcon_core.shell:Creating prefix script '/home/quauv/auv/install/local_setup.ps1'
[3.905s] INFO:colcon.colcon_core.shell:Creating prefix util module '/home/quauv/auv/install/_local_setup_util_ps1.py'
[3.909s] INFO:colcon.colcon_core.shell:Creating prefix chain script '/home/quauv/auv/install/setup.ps1'
[3.913s] INFO:colcon.colcon_core.shell:Creating prefix script '/home/quauv/auv/install/local_setup.sh'
[3.914s] INFO:colcon.colcon_core.shell:Creating prefix util module '/home/quauv/auv/install/_local_setup_util_sh.py'
[3.916s] INFO:colcon.colcon_core.shell:Creating prefix chain script '/home/quauv/auv/install/setup.sh'
[3.920s] INFO:colcon.colcon_core.shell:Creating prefix script '/home/quauv/auv/install/local_setup.bash'
[3.921s] INFO:colcon.colcon_core.shell:Creating prefix chain script '/home/quauv/auv/install/setup.bash'
[3.925s] INFO:colcon.colcon_core.shell:Creating prefix script '/home/quauv/auv/install/local_setup.zsh'
[3.927s] INFO:colcon.colcon_core.shell:Creating prefix chain script '/home/quauv/auv/install/setup.zsh'
