[2.456s] Invoking command in '/home/quauv/auv/src/sensors': PYTHONPATH=/home/quauv/auv/build/sensors/prefix_override:/usr/lib/python3/dist-packages/colcon_core/task/python/colcon_distutils_commands:/home/quauv/auv/install/sensors/lib/python3.10/site-packages:${PYTHONPATH} /usr/bin/python3 -W ignore:setup.py install is deprecated -W ignore:easy_install command is deprecated setup.py egg_info --egg-base ../../build/sensors build --build-base /home/quauv/auv/build/sensors/build install --record /home/quauv/auv/build/sensors/install.log --single-version-externally-managed install_data
[2.855s] running egg_info
[2.856s] creating ../../build/sensors/sensors.egg-info
[2.857s] writing ../../build/sensors/sensors.egg-info/PKG-INFO
[2.857s] writing dependency_links to ../../build/sensors/sensors.egg-info/dependency_links.txt
[2.857s] writing entry points to ../../build/sensors/sensors.egg-info/entry_points.txt
[2.857s] writing requirements to ../../build/sensors/sensors.egg-info/requires.txt
[2.858s] writing top-level names to ../../build/sensors/sensors.egg-info/top_level.txt
[2.858s] writing manifest file '../../build/sensors/sensors.egg-info/SOURCES.txt'
[2.860s] reading manifest file '../../build/sensors/sensors.egg-info/SOURCES.txt'
[2.861s] writing manifest file '../../build/sensors/sensors.egg-info/SOURCES.txt'
[2.861s] running build
[2.861s] running build_py
[2.862s] creating /home/quauv/auv/build/sensors/build
[2.862s] creating /home/quauv/auv/build/sensors/build/lib
[2.862s] creating /home/quauv/auv/build/sensors/build/lib/sensors
[2.862s] copying sensors/__init__.py -> /home/quauv/auv/build/sensors/build/lib/sensors
[2.863s] copying sensors/frontCam.py -> /home/quauv/auv/build/sensors/build/lib/sensors
[2.863s] running install
[2.863s] running install_lib
[2.864s] creating /home/quauv/auv/install/sensors/lib/python3.10/site-packages/sensors
[2.864s] copying /home/quauv/auv/build/sensors/build/lib/sensors/__init__.py -> /home/quauv/auv/install/sensors/lib/python3.10/site-packages/sensors
[2.864s] copying /home/quauv/auv/build/sensors/build/lib/sensors/frontCam.py -> /home/quauv/auv/install/sensors/lib/python3.10/site-packages/sensors
[2.865s] byte-compiling /home/quauv/auv/install/sensors/lib/python3.10/site-packages/sensors/__init__.py to __init__.cpython-310.pyc
[2.866s] byte-compiling /home/quauv/auv/install/sensors/lib/python3.10/site-packages/sensors/frontCam.py to frontCam.cpython-310.pyc
[2.866s] running install_data
[2.867s] creating /home/quauv/auv/install/sensors/share/ament_index
[2.867s] creating /home/quauv/auv/install/sensors/share/ament_index/resource_index
[2.867s] creating /home/quauv/auv/install/sensors/share/ament_index/resource_index/packages
[2.867s] copying resource/sensors -> /home/quauv/auv/install/sensors/share/ament_index/resource_index/packages
[2.867s] copying package.xml -> /home/quauv/auv/install/sensors/share/sensors
[2.867s] running install_egg_info
[2.870s] Copying ../../build/sensors/sensors.egg-info to /home/quauv/auv/install/sensors/lib/python3.10/site-packages/sensors-0.0.0-py3.10.egg-info
[2.871s] running install_scripts
[2.900s] Installing bottomCam script to /home/quauv/auv/install/sensors/lib/sensors
[2.901s] Installing frontCam script to /home/quauv/auv/install/sensors/lib/sensors
[2.901s] writing list of installed files to '/home/quauv/auv/build/sensors/install.log'
[2.990s] Invoked command in '/home/quauv/auv/src/sensors' returned '0': PYTHONPATH=/home/quauv/auv/build/sensors/prefix_override:/usr/lib/python3/dist-packages/colcon_core/task/python/colcon_distutils_commands:/home/quauv/auv/install/sensors/lib/python3.10/site-packages:${PYTHONPATH} /usr/bin/python3 -W ignore:setup.py install is deprecated -W ignore:easy_install command is deprecated setup.py egg_info --egg-base ../../build/sensors build --build-base /home/quauv/auv/build/sensors/build install --record /home/quauv/auv/build/sensors/install.log --single-version-externally-managed install_data
